{"C:\\School\\University - Ontario Tech\\YEAR 2\\Software Design\\GeoAssist\\client\\reactApp\\src\\App.jsx": {"path":"C:\\School\\University - Ontario Tech\\YEAR 2\\Software Design\\GeoAssist\\client\\reactApp\\src\\App.jsx","statementMap":{"0":{"start":{"line":10,"column":2},"end":{"line":20,"column":4}}},"fnMap":{"0":{"name":"App","decl":{"start":{"line":9,"column":9},"end":{"line":9,"column":12}},"loc":{"start":{"line":9,"column":15},"end":{"line":21,"column":1}},"line":9}},"branchMap":{},"s":{"0":1},"f":{"0":1},"b":{},"_coverageSchema":"1a1c01bbd47fc00a2c39e90264f33305004495a9","hash":"a9a64533fa30ec34d54929fe597f7e28d7633d10"}
,"C:\\School\\University - Ontario Tech\\YEAR 2\\Software Design\\GeoAssist\\client\\reactApp\\src\\Item.jsx": {"path":"C:\\School\\University - Ontario Tech\\YEAR 2\\Software Design\\GeoAssist\\client\\reactApp\\src\\Item.jsx","statementMap":{"0":{"start":{"line":6,"column":20},"end":{"line":6,"column":27}},"1":{"start":{"line":7,"column":38},"end":{"line":7,"column":53}},"2":{"start":{"line":8,"column":28},"end":{"line":8,"column":47}},"3":{"start":{"line":9,"column":24},"end":{"line":9,"column":41}},"4":{"start":{"line":10,"column":42},"end":{"line":10,"column":68}},"5":{"start":{"line":12,"column":23},"end":{"line":33,"column":5}},"6":{"start":{"line":13,"column":6},"end":{"line":17,"column":7}},"7":{"start":{"line":14,"column":8},"end":{"line":14,"column":56}},"8":{"start":{"line":15,"column":8},"end":{"line":15,"column":23}},"9":{"start":{"line":16,"column":8},"end":{"line":16,"column":15}},"10":{"start":{"line":18,"column":8},"end":{"line":18,"column":28}},"11":{"start":{"line":19,"column":8},"end":{"line":19,"column":57}},"12":{"start":{"line":21,"column":20},"end":{"line":26,"column":9}},"13":{"start":{"line":28,"column":8},"end":{"line":32,"column":11}},"14":{"start":{"line":29,"column":20},"end":{"line":29,"column":46}},"15":{"start":{"line":31,"column":12},"end":{"line":31,"column":31}},"16":{"start":{"line":35,"column":4},"end":{"line":71,"column":6}},"17":{"start":{"line":42,"column":33},"end":{"line":42,"column":56}},"18":{"start":{"line":48,"column":33},"end":{"line":48,"column":54}},"19":{"start":{"line":53,"column":33},"end":{"line":53,"column":63}},"20":{"start":{"line":65,"column":59},"end":{"line":65,"column":77}}},"fnMap":{"0":{"name":"Item","decl":{"start":{"line":5,"column":9},"end":{"line":5,"column":13}},"loc":{"start":{"line":5,"column":22},"end":{"line":72,"column":1}},"line":5},"1":{"name":"(anonymous_1)","decl":{"start":{"line":12,"column":23},"end":{"line":12,"column":24}},"loc":{"start":{"line":12,"column":29},"end":{"line":33,"column":5}},"line":12},"2":{"name":"(anonymous_2)","decl":{"start":{"line":29,"column":14},"end":{"line":29,"column":15}},"loc":{"start":{"line":29,"column":20},"end":{"line":29,"column":46}},"line":29},"3":{"name":"(anonymous_3)","decl":{"start":{"line":30,"column":15},"end":{"line":30,"column":16}},"loc":{"start":{"line":30,"column":22},"end":{"line":32,"column":9}},"line":30},"4":{"name":"(anonymous_4)","decl":{"start":{"line":42,"column":26},"end":{"line":42,"column":27}},"loc":{"start":{"line":42,"column":33},"end":{"line":42,"column":56}},"line":42},"5":{"name":"(anonymous_5)","decl":{"start":{"line":48,"column":26},"end":{"line":48,"column":27}},"loc":{"start":{"line":48,"column":33},"end":{"line":48,"column":54}},"line":48},"6":{"name":"(anonymous_6)","decl":{"start":{"line":53,"column":26},"end":{"line":53,"column":27}},"loc":{"start":{"line":53,"column":33},"end":{"line":53,"column":63}},"line":53},"7":{"name":"(anonymous_7)","decl":{"start":{"line":65,"column":53},"end":{"line":65,"column":54}},"loc":{"start":{"line":65,"column":59},"end":{"line":65,"column":77}},"line":65}},"branchMap":{"0":{"loc":{"start":{"line":13,"column":6},"end":{"line":17,"column":7}},"type":"if","locations":[{"start":{"line":13,"column":6},"end":{"line":17,"column":7}},{"start":{},"end":{}}],"line":13},"1":{"loc":{"start":{"line":13,"column":9},"end":{"line":13,"column":60}},"type":"binary-expr","locations":[{"start":{"line":13,"column":9},"end":{"line":13,"column":19}},{"start":{"line":13,"column":23},"end":{"line":13,"column":31}},{"start":{"line":13,"column":35},"end":{"line":13,"column":60}}],"line":13},"2":{"loc":{"start":{"line":37,"column":11},"end":{"line":69,"column":11}},"type":"cond-expr","locations":[{"start":{"line":38,"column":12},"end":{"line":59,"column":15}},{"start":{"line":61,"column":12},"end":{"line":68,"column":15}}],"line":37}},"s":{"0":0,"1":0,"2":0,"3":0,"4":0,"5":0,"6":0,"7":0,"8":0,"9":0,"10":0,"11":0,"12":0,"13":0,"14":0,"15":0,"16":0,"17":0,"18":0,"19":0,"20":0},"f":{"0":0,"1":0,"2":0,"3":0,"4":0,"5":0,"6":0,"7":0},"b":{"0":[0,0],"1":[0,0,0],"2":[0,0]}}
,"C:\\School\\University - Ontario Tech\\YEAR 2\\Software Design\\GeoAssist\\client\\reactApp\\src\\main.jsx": {"path":"C:\\School\\University - Ontario Tech\\YEAR 2\\Software Design\\GeoAssist\\client\\reactApp\\src\\main.jsx","statementMap":{"0":{"start":{"line":7,"column":0},"end":{"line":13,"column":2}}},"fnMap":{},"branchMap":{},"s":{"0":0},"f":{},"b":{}}
,"C:\\School\\University - Ontario Tech\\YEAR 2\\Software Design\\GeoAssist\\client\\reactApp\\src\\components\\Card.jsx": {"path":"C:\\School\\University - Ontario Tech\\YEAR 2\\Software Design\\GeoAssist\\client\\reactApp\\src\\components\\Card.jsx","statementMap":{"0":{"start":{"line":22,"column":19},"end":{"line":22,"column":32}},"1":{"start":{"line":24,"column":28},"end":{"line":43,"column":3}},"2":{"start":{"line":25,"column":25},"end":{"line":39,"column":5}},"3":{"start":{"line":42,"column":4},"end":{"line":42,"column":64}},"4":{"start":{"line":45,"column":2},"end":{"line":88,"column":4}},"5":{"start":{"line":53,"column":12},"end":{"line":54,"column":110}}},"fnMap":{"0":{"name":"Card","decl":{"start":{"line":6,"column":9},"end":{"line":6,"column":13}},"loc":{"start":{"line":21,"column":3},"end":{"line":89,"column":1}},"line":21},"1":{"name":"(anonymous_1)","decl":{"start":{"line":24,"column":28},"end":{"line":24,"column":29}},"loc":{"start":{"line":24,"column":34},"end":{"line":43,"column":3}},"line":24},"2":{"name":"(anonymous_2)","decl":{"start":{"line":52,"column":19},"end":{"line":52,"column":20}},"loc":{"start":{"line":52,"column":26},"end":{"line":55,"column":11}},"line":52}},"branchMap":{"0":{"loc":{"start":{"line":57,"column":9},"end":{"line":62,"column":9}},"type":"binary-expr","locations":[{"start":{"line":57,"column":9},"end":{"line":57,"column":15}},{"start":{"line":58,"column":10},"end":{"line":61,"column":16}}],"line":57}},"s":{"0":19,"1":19,"2":2,"3":2,"4":19,"5":1},"f":{"0":19,"1":2,"2":1},"b":{"0":[19,19]},"_coverageSchema":"1a1c01bbd47fc00a2c39e90264f33305004495a9","hash":"97934c63fd8bcc3b5db54c49d53739fa3d0db3d5"}
,"C:\\School\\University - Ontario Tech\\YEAR 2\\Software Design\\GeoAssist\\client\\reactApp\\src\\components\\Filters.jsx": {"path":"C:\\School\\University - Ontario Tech\\YEAR 2\\Software Design\\GeoAssist\\client\\reactApp\\src\\components\\Filters.jsx","statementMap":{"0":{"start":{"line":7,"column":2},"end":{"line":23,"column":4}},"1":{"start":{"line":10,"column":8},"end":{"line":20,"column":17}},"2":{"start":{"line":12,"column":25},"end":{"line":12,"column":46}}},"fnMap":{"0":{"name":"Filters","decl":{"start":{"line":2,"column":9},"end":{"line":2,"column":16}},"loc":{"start":{"line":6,"column":3},"end":{"line":24,"column":1}},"line":6},"1":{"name":"(anonymous_1)","decl":{"start":{"line":9,"column":24},"end":{"line":9,"column":25}},"loc":{"start":{"line":10,"column":8},"end":{"line":20,"column":17}},"line":10},"2":{"name":"(anonymous_2)","decl":{"start":{"line":12,"column":19},"end":{"line":12,"column":20}},"loc":{"start":{"line":12,"column":25},"end":{"line":12,"column":46}},"line":12}},"branchMap":{"0":{"loc":{"start":{"line":3,"column":2},"end":{"line":3,"column":47}},"type":"default-arg","locations":[{"start":{"line":3,"column":17},"end":{"line":3,"column":47}}],"line":3},"1":{"loc":{"start":{"line":14,"column":12},"end":{"line":16,"column":81}},"type":"cond-expr","locations":[{"start":{"line":15,"column":16},"end":{"line":15,"column":63}},{"start":{"line":16,"column":16},"end":{"line":16,"column":81}}],"line":14}},"s":{"0":12,"1":36,"2":4},"f":{"0":12,"1":36,"2":4},"b":{"0":[12],"1":[12,24]},"_coverageSchema":"1a1c01bbd47fc00a2c39e90264f33305004495a9","hash":"a767aa2e0b147c2326935ffc9fce2758be1ccbf6"}
,"C:\\School\\University - Ontario Tech\\YEAR 2\\Software Design\\GeoAssist\\client\\reactApp\\src\\components\\Footer.jsx": {"path":"C:\\School\\University - Ontario Tech\\YEAR 2\\Software Design\\GeoAssist\\client\\reactApp\\src\\components\\Footer.jsx","statementMap":{"0":{"start":{"line":2,"column":2},"end":{"line":46,"column":4}}},"fnMap":{"0":{"name":"Footer","decl":{"start":{"line":1,"column":9},"end":{"line":1,"column":15}},"loc":{"start":{"line":1,"column":18},"end":{"line":47,"column":1}},"line":1}},"branchMap":{},"s":{"0":12},"f":{"0":12},"b":{},"_coverageSchema":"1a1c01bbd47fc00a2c39e90264f33305004495a9","hash":"e5f50065003bf4ff08d048a800ba0207be24824d"}
,"C:\\School\\University - Ontario Tech\\YEAR 2\\Software Design\\GeoAssist\\client\\reactApp\\src\\components\\Hero.jsx": {"path":"C:\\School\\University - Ontario Tech\\YEAR 2\\Software Design\\GeoAssist\\client\\reactApp\\src\\components\\Hero.jsx","statementMap":{"0":{"start":{"line":12,"column":23},"end":{"line":12,"column":64}},"1":{"start":{"line":13,"column":24},"end":{"line":13,"column":76}},"2":{"start":{"line":16,"column":26},"end":{"line":16,"column":35}},"3":{"start":{"line":17,"column":19},"end":{"line":17,"column":32}},"4":{"start":{"line":19,"column":2},"end":{"line":23,"column":30}},"5":{"start":{"line":20,"column":4},"end":{"line":22,"column":5}},"6":{"start":{"line":21,"column":6},"end":{"line":21,"column":26}},"7":{"start":{"line":26,"column":40},"end":{"line":26,"column":59}},"8":{"start":{"line":27,"column":30},"end":{"line":27,"column":42}},"9":{"start":{"line":28,"column":48},"end":{"line":28,"column":60}},"10":{"start":{"line":29,"column":32},"end":{"line":29,"column":47}},"11":{"start":{"line":30,"column":40},"end":{"line":30,"column":54}},"12":{"start":{"line":32,"column":46},"end":{"line":32,"column":61}},"13":{"start":{"line":35,"column":22},"end":{"line":62,"column":3}},"14":{"start":{"line":36,"column":4},"end":{"line":36,"column":36}},"15":{"start":{"line":36,"column":29},"end":{"line":36,"column":36}},"16":{"start":{"line":37,"column":4},"end":{"line":37,"column":21}},"17":{"start":{"line":38,"column":4},"end":{"line":38,"column":25}},"18":{"start":{"line":40,"column":4},"end":{"line":61,"column":5}},"19":{"start":{"line":42,"column":34},"end":{"line":42,"column":64}},"20":{"start":{"line":45,"column":37},"end":{"line":45,"column":70}},"21":{"start":{"line":48,"column":39},"end":{"line":51,"column":8}},"22":{"start":{"line":54,"column":6},"end":{"line":54,"column":30}},"23":{"start":{"line":55,"column":6},"end":{"line":55,"column":35}},"24":{"start":{"line":57,"column":6},"end":{"line":57,"column":51}},"25":{"start":{"line":58,"column":6},"end":{"line":58,"column":34}},"26":{"start":{"line":60,"column":6},"end":{"line":60,"column":24}},"27":{"start":{"line":65,"column":28},"end":{"line":90,"column":3}},"28":{"start":{"line":66,"column":4},"end":{"line":89,"column":5}},"29":{"start":{"line":67,"column":23},"end":{"line":76,"column":8}},"30":{"start":{"line":78,"column":6},"end":{"line":80,"column":7}},"31":{"start":{"line":79,"column":8},"end":{"line":79,"column":66}},"32":{"start":{"line":82,"column":19},"end":{"line":82,"column":40}},"33":{"start":{"line":83,"column":6},"end":{"line":83,"column":48}},"34":{"start":{"line":85,"column":6},"end":{"line":85,"column":31}},"35":{"start":{"line":87,"column":6},"end":{"line":87,"column":67}},"36":{"start":{"line":88,"column":6},"end":{"line":88,"column":16}},"37":{"start":{"line":93,"column":31},"end":{"line":129,"column":3}},"38":{"start":{"line":94,"column":4},"end":{"line":128,"column":5}},"39":{"start":{"line":95,"column":27},"end":{"line":95,"column":54}},"40":{"start":{"line":96,"column":32},"end":{"line":96,"column":59}},"41":{"start":{"line":99,"column":27},"end":{"line":103,"column":9}},"42":{"start":{"line":99,"column":64},"end":{"line":103,"column":7}},"43":{"start":{"line":107,"column":26},"end":{"line":107,"column":51}},"44":{"start":{"line":108,"column":32},"end":{"line":121,"column":8}},"45":{"start":{"line":109,"column":8},"end":{"line":120,"column":10}},"46":{"start":{"line":123,"column":6},"end":{"line":123,"column":74}},"47":{"start":{"line":124,"column":6},"end":{"line":124,"column":31}},"48":{"start":{"line":126,"column":6},"end":{"line":126,"column":59}},"49":{"start":{"line":127,"column":6},"end":{"line":127,"column":16}},"50":{"start":{"line":131,"column":2},"end":{"line":133,"column":9}},"51":{"start":{"line":132,"column":4},"end":{"line":132,"column":18}},"52":{"start":{"line":136,"column":25},"end":{"line":167,"column":47}},"53":{"start":{"line":137,"column":21},"end":{"line":137,"column":52}},"54":{"start":{"line":139,"column":4},"end":{"line":166,"column":5}},"55":{"start":{"line":142,"column":8},"end":{"line":142,"column":74}},"56":{"start":{"line":142,"column":39},"end":{"line":142,"column":72}},"57":{"start":{"line":145,"column":8},"end":{"line":155,"column":11}},"58":{"start":{"line":148,"column":25},"end":{"line":150,"column":36}},"59":{"start":{"line":151,"column":25},"end":{"line":153,"column":36}},"60":{"start":{"line":154,"column":10},"end":{"line":154,"column":33}},"61":{"start":{"line":158,"column":8},"end":{"line":162,"column":11}},"62":{"start":{"line":159,"column":10},"end":{"line":159,"column":57}},"63":{"start":{"line":159,"column":47},"end":{"line":159,"column":57}},"64":{"start":{"line":160,"column":10},"end":{"line":160,"column":56}},"65":{"start":{"line":160,"column":47},"end":{"line":160,"column":56}},"66":{"start":{"line":161,"column":10},"end":{"line":161,"column":19}},"67":{"start":{"line":165,"column":8},"end":{"line":165,"column":24}},"68":{"start":{"line":169,"column":2},"end":{"line":300,"column":4}},"69":{"start":{"line":193,"column":27},"end":{"line":193,"column":57}},"70":{"start":{"line":195,"column":12},"end":{"line":198,"column":13}},"71":{"start":{"line":196,"column":14},"end":{"line":196,"column":33}},"72":{"start":{"line":197,"column":14},"end":{"line":197,"column":28}},"73":{"start":{"line":216,"column":12},"end":{"line":266,"column":13}},"74":{"start":{"line":218,"column":14},"end":{"line":240,"column":16}},"75":{"start":{"line":243,"column":14},"end":{"line":265,"column":16}}},"fnMap":{"0":{"name":"Hero","decl":{"start":{"line":15,"column":9},"end":{"line":15,"column":13}},"loc":{"start":{"line":15,"column":16},"end":{"line":301,"column":1}},"line":15},"1":{"name":"(anonymous_1)","decl":{"start":{"line":19,"column":12},"end":{"line":19,"column":13}},"loc":{"start":{"line":19,"column":18},"end":{"line":23,"column":3}},"line":19},"2":{"name":"(anonymous_2)","decl":{"start":{"line":35,"column":22},"end":{"line":35,"column":23}},"loc":{"start":{"line":35,"column":34},"end":{"line":62,"column":3}},"line":35},"3":{"name":"(anonymous_3)","decl":{"start":{"line":65,"column":28},"end":{"line":65,"column":29}},"loc":{"start":{"line":65,"column":45},"end":{"line":90,"column":3}},"line":65},"4":{"name":"(anonymous_4)","decl":{"start":{"line":93,"column":31},"end":{"line":93,"column":32}},"loc":{"start":{"line":93,"column":54},"end":{"line":129,"column":3}},"line":93},"5":{"name":"(anonymous_5)","decl":{"start":{"line":99,"column":54},"end":{"line":99,"column":55}},"loc":{"start":{"line":99,"column":64},"end":{"line":103,"column":7}},"line":99},"6":{"name":"(anonymous_6)","decl":{"start":{"line":108,"column":52},"end":{"line":108,"column":53}},"loc":{"start":{"line":108,"column":66},"end":{"line":121,"column":7}},"line":108},"7":{"name":"(anonymous_7)","decl":{"start":{"line":131,"column":12},"end":{"line":131,"column":13}},"loc":{"start":{"line":131,"column":18},"end":{"line":133,"column":3}},"line":131},"8":{"name":"(anonymous_8)","decl":{"start":{"line":136,"column":33},"end":{"line":136,"column":34}},"loc":{"start":{"line":136,"column":39},"end":{"line":167,"column":3}},"line":136},"9":{"name":"(anonymous_9)","decl":{"start":{"line":142,"column":29},"end":{"line":142,"column":30}},"loc":{"start":{"line":142,"column":39},"end":{"line":142,"column":72}},"line":142},"10":{"name":"(anonymous_10)","decl":{"start":{"line":145,"column":29},"end":{"line":145,"column":30}},"loc":{"start":{"line":145,"column":39},"end":{"line":155,"column":9}},"line":145},"11":{"name":"(anonymous_11)","decl":{"start":{"line":158,"column":29},"end":{"line":158,"column":30}},"loc":{"start":{"line":158,"column":39},"end":{"line":162,"column":9}},"line":158},"12":{"name":"(anonymous_12)","decl":{"start":{"line":193,"column":20},"end":{"line":193,"column":21}},"loc":{"start":{"line":193,"column":27},"end":{"line":193,"column":57}},"line":193},"13":{"name":"(anonymous_13)","decl":{"start":{"line":194,"column":21},"end":{"line":194,"column":22}},"loc":{"start":{"line":194,"column":28},"end":{"line":199,"column":11}},"line":194},"14":{"name":"(anonymous_14)","decl":{"start":{"line":214,"column":30},"end":{"line":214,"column":31}},"loc":{"start":{"line":214,"column":41},"end":{"line":267,"column":11}},"line":214}},"branchMap":{"0":{"loc":{"start":{"line":20,"column":4},"end":{"line":22,"column":5}},"type":"if","locations":[{"start":{"line":20,"column":4},"end":{"line":22,"column":5}},{"start":{},"end":{}}],"line":20},"1":{"loc":{"start":{"line":36,"column":4},"end":{"line":36,"column":36}},"type":"if","locations":[{"start":{"line":36,"column":4},"end":{"line":36,"column":36}},{"start":{},"end":{}}],"line":36},"2":{"loc":{"start":{"line":78,"column":6},"end":{"line":80,"column":7}},"type":"if","locations":[{"start":{"line":78,"column":6},"end":{"line":80,"column":7}},{"start":{},"end":{}}],"line":78},"3":{"loc":{"start":{"line":85,"column":13},"end":{"line":85,"column":30}},"type":"binary-expr","locations":[{"start":{"line":85,"column":13},"end":{"line":85,"column":24}},{"start":{"line":85,"column":28},"end":{"line":85,"column":30}}],"line":85},"4":{"loc":{"start":{"line":110,"column":10},"end":{"line":119,"column":65}},"type":"binary-expr","locations":[{"start":{"line":110,"column":11},"end":{"line":110,"column":24}},{"start":{"line":111,"column":12},"end":{"line":111,"column":61}},{"start":{"line":112,"column":11},"end":{"line":112,"column":28}},{"start":{"line":113,"column":12},"end":{"line":113,"column":65}},{"start":{"line":114,"column":11},"end":{"line":114,"column":27}},{"start":{"line":115,"column":12},"end":{"line":115,"column":64}},{"start":{"line":116,"column":11},"end":{"line":116,"column":24}},{"start":{"line":117,"column":12},"end":{"line":117,"column":61}},{"start":{"line":118,"column":11},"end":{"line":118,"column":27}},{"start":{"line":119,"column":12},"end":{"line":119,"column":64}}],"line":110},"5":{"loc":{"start":{"line":139,"column":4},"end":{"line":166,"column":5}},"type":"switch","locations":[{"start":{"line":140,"column":6},"end":{"line":142,"column":74}},{"start":{"line":143,"column":6},"end":{"line":155,"column":11}},{"start":{"line":156,"column":6},"end":{"line":162,"column":11}},{"start":{"line":163,"column":6},"end":{"line":163,"column":17}},{"start":{"line":164,"column":6},"end":{"line":165,"column":24}}],"line":139},"6":{"loc":{"start":{"line":142,"column":40},"end":{"line":142,"column":53}},"type":"binary-expr","locations":[{"start":{"line":142,"column":40},"end":{"line":142,"column":48}},{"start":{"line":142,"column":52},"end":{"line":142,"column":53}}],"line":142},"7":{"loc":{"start":{"line":142,"column":58},"end":{"line":142,"column":71}},"type":"binary-expr","locations":[{"start":{"line":142,"column":58},"end":{"line":142,"column":66}},{"start":{"line":142,"column":70},"end":{"line":142,"column":71}}],"line":142},"8":{"loc":{"start":{"line":148,"column":25},"end":{"line":150,"column":36}},"type":"cond-expr","locations":[{"start":{"line":149,"column":14},"end":{"line":149,"column":36}},{"start":{"line":150,"column":14},"end":{"line":150,"column":36}}],"line":148},"9":{"loc":{"start":{"line":149,"column":14},"end":{"line":149,"column":36}},"type":"binary-expr","locations":[{"start":{"line":149,"column":14},"end":{"line":149,"column":31}},{"start":{"line":149,"column":35},"end":{"line":149,"column":36}}],"line":149},"10":{"loc":{"start":{"line":150,"column":14},"end":{"line":150,"column":36}},"type":"binary-expr","locations":[{"start":{"line":150,"column":14},"end":{"line":150,"column":31}},{"start":{"line":150,"column":35},"end":{"line":150,"column":36}}],"line":150},"11":{"loc":{"start":{"line":151,"column":25},"end":{"line":153,"column":36}},"type":"cond-expr","locations":[{"start":{"line":152,"column":14},"end":{"line":152,"column":36}},{"start":{"line":153,"column":14},"end":{"line":153,"column":36}}],"line":151},"12":{"loc":{"start":{"line":152,"column":14},"end":{"line":152,"column":36}},"type":"binary-expr","locations":[{"start":{"line":152,"column":14},"end":{"line":152,"column":31}},{"start":{"line":152,"column":35},"end":{"line":152,"column":36}}],"line":152},"13":{"loc":{"start":{"line":153,"column":14},"end":{"line":153,"column":36}},"type":"binary-expr","locations":[{"start":{"line":153,"column":14},"end":{"line":153,"column":31}},{"start":{"line":153,"column":35},"end":{"line":153,"column":36}}],"line":153},"14":{"loc":{"start":{"line":159,"column":10},"end":{"line":159,"column":57}},"type":"if","locations":[{"start":{"line":159,"column":10},"end":{"line":159,"column":57}},{"start":{},"end":{}}],"line":159},"15":{"loc":{"start":{"line":159,"column":14},"end":{"line":159,"column":45}},"type":"binary-expr","locations":[{"start":{"line":159,"column":14},"end":{"line":159,"column":27}},{"start":{"line":159,"column":31},"end":{"line":159,"column":45}}],"line":159},"16":{"loc":{"start":{"line":160,"column":10},"end":{"line":160,"column":56}},"type":"if","locations":[{"start":{"line":160,"column":10},"end":{"line":160,"column":56}},{"start":{},"end":{}}],"line":160},"17":{"loc":{"start":{"line":160,"column":14},"end":{"line":160,"column":45}},"type":"binary-expr","locations":[{"start":{"line":160,"column":14},"end":{"line":160,"column":28}},{"start":{"line":160,"column":32},"end":{"line":160,"column":45}}],"line":160},"18":{"loc":{"start":{"line":172,"column":9},"end":{"line":176,"column":9}},"type":"binary-expr","locations":[{"start":{"line":172,"column":9},"end":{"line":172,"column":20}},{"start":{"line":173,"column":10},"end":{"line":175,"column":14}}],"line":172},"19":{"loc":{"start":{"line":174,"column":26},"end":{"line":174,"column":54}},"type":"binary-expr","locations":[{"start":{"line":174,"column":26},"end":{"line":174,"column":43}},{"start":{"line":174,"column":47},"end":{"line":174,"column":54}}],"line":174},"20":{"loc":{"start":{"line":195,"column":12},"end":{"line":198,"column":13}},"type":"if","locations":[{"start":{"line":195,"column":12},"end":{"line":198,"column":13}},{"start":{},"end":{}}],"line":195},"21":{"loc":{"start":{"line":208,"column":7},"end":{"line":208,"column":70}},"type":"binary-expr","locations":[{"start":{"line":208,"column":7},"end":{"line":208,"column":14}},{"start":{"line":208,"column":18},"end":{"line":208,"column":70}}],"line":208},"22":{"loc":{"start":{"line":209,"column":7},"end":{"line":211,"column":7}},"type":"binary-expr","locations":[{"start":{"line":209,"column":7},"end":{"line":209,"column":18}},{"start":{"line":210,"column":8},"end":{"line":210,"column":69}}],"line":209},"23":{"loc":{"start":{"line":212,"column":7},"end":{"line":274,"column":7}},"type":"cond-expr","locations":[{"start":{"line":213,"column":8},"end":{"line":268,"column":14}},{"start":{"line":271,"column":8},"end":{"line":273,"column":14}}],"line":212},"24":{"loc":{"start":{"line":216,"column":12},"end":{"line":266,"column":13}},"type":"if","locations":[{"start":{"line":216,"column":12},"end":{"line":266,"column":13}},{"start":{"line":241,"column":19},"end":{"line":266,"column":13}}],"line":216},"25":{"loc":{"start":{"line":222,"column":25},"end":{"line":222,"column":57}},"type":"binary-expr","locations":[{"start":{"line":222,"column":25},"end":{"line":222,"column":35}},{"start":{"line":222,"column":39},"end":{"line":222,"column":57}}],"line":222},"26":{"loc":{"start":{"line":223,"column":28},"end":{"line":223,"column":47}},"type":"binary-expr","locations":[{"start":{"line":223,"column":28},"end":{"line":223,"column":41}},{"start":{"line":223,"column":45},"end":{"line":223,"column":47}}],"line":223},"27":{"loc":{"start":{"line":226,"column":20},"end":{"line":227,"column":115}},"type":"binary-expr","locations":[{"start":{"line":226,"column":20},"end":{"line":226,"column":31}},{"start":{"line":227,"column":20},"end":{"line":227,"column":115}}],"line":226},"28":{"loc":{"start":{"line":248,"column":25},"end":{"line":248,"column":61}},"type":"binary-expr","locations":[{"start":{"line":248,"column":25},"end":{"line":248,"column":52}},{"start":{"line":248,"column":56},"end":{"line":248,"column":61}}],"line":248},"29":{"loc":{"start":{"line":251,"column":20},"end":{"line":253,"column":119}},"type":"cond-expr","locations":[{"start":{"line":252,"column":24},"end":{"line":252,"column":126}},{"start":{"line":253,"column":24},"end":{"line":253,"column":119}}],"line":251},"30":{"loc":{"start":{"line":251,"column":20},"end":{"line":251,"column":59}},"type":"binary-expr","locations":[{"start":{"line":251,"column":20},"end":{"line":251,"column":32}},{"start":{"line":251,"column":36},"end":{"line":251,"column":59}}],"line":251},"31":{"loc":{"start":{"line":260,"column":20},"end":{"line":262,"column":43}},"type":"cond-expr","locations":[{"start":{"line":261,"column":24},"end":{"line":261,"column":69}},{"start":{"line":262,"column":24},"end":{"line":262,"column":43}}],"line":260}},"s":{"0":2,"1":2,"2":14,"3":14,"4":14,"5":12,"6":10,"7":14,"8":14,"9":14,"10":14,"11":14,"12":14,"13":14,"14":3,"15":0,"16":3,"17":3,"18":3,"19":3,"20":3,"21":3,"22":3,"23":3,"24":0,"25":0,"26":3,"27":14,"28":3,"29":3,"30":3,"31":0,"32":3,"33":3,"34":3,"35":0,"36":0,"37":14,"38":3,"39":3,"40":3,"41":3,"42":6,"43":3,"44":3,"45":6,"46":3,"47":3,"48":0,"49":0,"50":14,"51":3,"52":14,"53":7,"54":7,"55":1,"56":6,"57":1,"58":3,"59":3,"60":3,"61":0,"62":0,"63":0,"64":0,"65":0,"66":0,"67":5,"68":14,"69":2,"70":0,"71":0,"72":0,"73":14,"74":8,"75":6},"f":{"0":14,"1":12,"2":3,"3":3,"4":3,"5":6,"6":6,"7":3,"8":7,"9":6,"10":3,"11":0,"12":2,"13":0,"14":14},"b":{"0":[10,2],"1":[0,3],"2":[0,3],"3":[3,0],"4":[6,6,0,0,0,0,0,0,0,0],"5":[1,1,0,5,5],"6":[6,0],"7":[6,0],"8":[1,2],"9":[1,1],"10":[2,2],"11":[2,1],"12":[2,2],"13":[1,1],"14":[0,0],"15":[0,0],"16":[0,0],"17":[0,0],"18":[14,2],"19":[2,0],"20":[0,0],"21":[14,7],"22":[14,0],"23":[4,10],"24":[8,6],"25":[8,0],"26":[8,0],"27":[8,0],"28":[6,6],"29":[0,6],"30":[6,0],"31":[0,6]},"_coverageSchema":"1a1c01bbd47fc00a2c39e90264f33305004495a9","hash":"8435ba20eab487178cfac32c9a722d0a759d9786"}
,"C:\\School\\University - Ontario Tech\\YEAR 2\\Software Design\\GeoAssist\\client\\reactApp\\src\\components\\InputBar.jsx": {"path":"C:\\School\\University - Ontario Tech\\YEAR 2\\Software Design\\GeoAssist\\client\\reactApp\\src\\components\\InputBar.jsx","statementMap":{"0":{"start":{"line":11,"column":2},"end":{"line":27,"column":4}}},"fnMap":{"0":{"name":"InputBar","decl":{"start":{"line":2,"column":9},"end":{"line":2,"column":17}},"loc":{"start":{"line":10,"column":3},"end":{"line":28,"column":1}},"line":10}},"branchMap":{"0":{"loc":{"start":{"line":3,"column":2},"end":{"line":3,"column":22}},"type":"default-arg","locations":[{"start":{"line":3,"column":13},"end":{"line":3,"column":22}}],"line":3},"1":{"loc":{"start":{"line":4,"column":2},"end":{"line":4,"column":24}},"type":"default-arg","locations":[{"start":{"line":4,"column":9},"end":{"line":4,"column":24}}],"line":4},"2":{"loc":{"start":{"line":5,"column":2},"end":{"line":5,"column":58}},"type":"default-arg","locations":[{"start":{"line":5,"column":16},"end":{"line":5,"column":58}}],"line":5},"3":{"loc":{"start":{"line":6,"column":2},"end":{"line":6,"column":18}},"type":"default-arg","locations":[{"start":{"line":6,"column":10},"end":{"line":6,"column":18}}],"line":6}},"s":{"0":12},"f":{"0":12},"b":{"0":[0],"1":[12],"2":[12],"3":[0]},"_coverageSchema":"1a1c01bbd47fc00a2c39e90264f33305004495a9","hash":"dadabc07798deb9ca97f1d46fece10dcdd81fd29"}
,"C:\\School\\University - Ontario Tech\\YEAR 2\\Software Design\\GeoAssist\\client\\reactApp\\src\\components\\Navbar.jsx": {"path":"C:\\School\\University - Ontario Tech\\YEAR 2\\Software Design\\GeoAssist\\client\\reactApp\\src\\components\\Navbar.jsx","statementMap":{"0":{"start":{"line":7,"column":2},"end":{"line":33,"column":4}}},"fnMap":{"0":{"name":"Navbar","decl":{"start":{"line":6,"column":9},"end":{"line":6,"column":15}},"loc":{"start":{"line":6,"column":33},"end":{"line":34,"column":1}},"line":6}},"branchMap":{"0":{"loc":{"start":{"line":20,"column":9},"end":{"line":24,"column":9}},"type":"binary-expr","locations":[{"start":{"line":20,"column":9},"end":{"line":20,"column":20}},{"start":{"line":20,"column":24},"end":{"line":20,"column":43}},{"start":{"line":21,"column":10},"end":{"line":23,"column":15}}],"line":20}},"s":{"0":12},"f":{"0":12},"b":{"0":[12,2,0]},"_coverageSchema":"1a1c01bbd47fc00a2c39e90264f33305004495a9","hash":"b83bdbc538de13d9c02430e4d7d819b41016d0da"}
,"C:\\School\\University - Ontario Tech\\YEAR 2\\Software Design\\GeoAssist\\client\\reactApp\\src\\components\\View.jsx": {"path":"C:\\School\\University - Ontario Tech\\YEAR 2\\Software Design\\GeoAssist\\client\\reactApp\\src\\components\\View.jsx","statementMap":{"0":{"start":{"line":16,"column":36},"end":{"line":16,"column":51}},"1":{"start":{"line":19,"column":19},"end":{"line":19,"column":32}},"2":{"start":{"line":20,"column":16},"end":{"line":20,"column":43}},"3":{"start":{"line":35,"column":6},"end":{"line":35,"column":11}},"4":{"start":{"line":39,"column":4},"end":{"line":39,"column":67}},"5":{"start":{"line":42,"column":22},"end":{"line":42,"column":24}},"6":{"start":{"line":43,"column":22},"end":{"line":43,"column":45}},"7":{"start":{"line":44,"column":20},"end":{"line":44,"column":43}},"8":{"start":{"line":45,"column":22},"end":{"line":45,"column":44}},"9":{"start":{"line":47,"column":2},"end":{"line":79,"column":3}},"10":{"start":{"line":47,"column":15},"end":{"line":47,"column":16}},"11":{"start":{"line":48,"column":4},"end":{"line":78,"column":5}},"12":{"start":{"line":50,"column":6},"end":{"line":57,"column":8}},"13":{"start":{"line":58,"column":11},"end":{"line":78,"column":5}},"14":{"start":{"line":60,"column":6},"end":{"line":67,"column":8}},"15":{"start":{"line":70,"column":6},"end":{"line":77,"column":8}},"16":{"start":{"line":82,"column":22},"end":{"line":84,"column":3}},"17":{"start":{"line":83,"column":4},"end":{"line":83,"column":29}},"18":{"start":{"line":86,"column":2},"end":{"line":247,"column":4}},"19":{"start":{"line":109,"column":14},"end":{"line":109,"column":38}},"20":{"start":{"line":110,"column":14},"end":{"line":111,"column":112}}},"fnMap":{"0":{"name":"View","decl":{"start":{"line":14,"column":9},"end":{"line":14,"column":13}},"loc":{"start":{"line":14,"column":16},"end":{"line":248,"column":1}},"line":14},"1":{"name":"(anonymous_1)","decl":{"start":{"line":82,"column":22},"end":{"line":82,"column":23}},"loc":{"start":{"line":82,"column":28},"end":{"line":84,"column":3}},"line":82},"2":{"name":"(anonymous_2)","decl":{"start":{"line":108,"column":21},"end":{"line":108,"column":22}},"loc":{"start":{"line":108,"column":28},"end":{"line":112,"column":13}},"line":108}},"branchMap":{"0":{"loc":{"start":{"line":20,"column":16},"end":{"line":20,"column":43}},"type":"binary-expr","locations":[{"start":{"line":20,"column":16},"end":{"line":20,"column":37}},{"start":{"line":20,"column":41},"end":{"line":20,"column":43}}],"line":20},"1":{"loc":{"start":{"line":24,"column":4},"end":{"line":24,"column":36}},"type":"default-arg","locations":[{"start":{"line":24,"column":12},"end":{"line":24,"column":36}}],"line":24},"2":{"loc":{"start":{"line":25,"column":4},"end":{"line":25,"column":16}},"type":"default-arg","locations":[{"start":{"line":25,"column":14},"end":{"line":25,"column":16}}],"line":25},"3":{"loc":{"start":{"line":26,"column":4},"end":{"line":26,"column":14}},"type":"default-arg","locations":[{"start":{"line":26,"column":13},"end":{"line":26,"column":14}}],"line":26},"4":{"loc":{"start":{"line":27,"column":4},"end":{"line":27,"column":107}},"type":"default-arg","locations":[{"start":{"line":27,"column":12},"end":{"line":27,"column":107}}],"line":27},"5":{"loc":{"start":{"line":28,"column":4},"end":{"line":28,"column":36}},"type":"default-arg","locations":[{"start":{"line":28,"column":14},"end":{"line":28,"column":36}}],"line":28},"6":{"loc":{"start":{"line":29,"column":4},"end":{"line":29,"column":13}},"type":"default-arg","locations":[{"start":{"line":29,"column":11},"end":{"line":29,"column":13}}],"line":29},"7":{"loc":{"start":{"line":30,"column":4},"end":{"line":30,"column":17}},"type":"default-arg","locations":[{"start":{"line":30,"column":15},"end":{"line":30,"column":17}}],"line":30},"8":{"loc":{"start":{"line":31,"column":4},"end":{"line":31,"column":16}},"type":"default-arg","locations":[{"start":{"line":31,"column":14},"end":{"line":31,"column":16}}],"line":31},"9":{"loc":{"start":{"line":32,"column":4},"end":{"line":32,"column":16}},"type":"default-arg","locations":[{"start":{"line":32,"column":14},"end":{"line":32,"column":16}}],"line":32},"10":{"loc":{"start":{"line":33,"column":4},"end":{"line":33,"column":22}},"type":"default-arg","locations":[{"start":{"line":33,"column":20},"end":{"line":33,"column":22}}],"line":33},"11":{"loc":{"start":{"line":34,"column":4},"end":{"line":34,"column":21}},"type":"default-arg","locations":[{"start":{"line":34,"column":19},"end":{"line":34,"column":21}}],"line":34},"12":{"loc":{"start":{"line":39,"column":4},"end":{"line":39,"column":67}},"type":"binary-expr","locations":[{"start":{"line":39,"column":4},"end":{"line":39,"column":11}},{"start":{"line":39,"column":15},"end":{"line":39,"column":67}}],"line":39},"13":{"loc":{"start":{"line":43,"column":22},"end":{"line":43,"column":45}},"type":"binary-expr","locations":[{"start":{"line":43,"column":22},"end":{"line":43,"column":40}},{"start":{"line":43,"column":44},"end":{"line":43,"column":45}}],"line":43},"14":{"loc":{"start":{"line":48,"column":4},"end":{"line":78,"column":5}},"type":"if","locations":[{"start":{"line":48,"column":4},"end":{"line":78,"column":5}},{"start":{"line":58,"column":11},"end":{"line":78,"column":5}}],"line":48},"15":{"loc":{"start":{"line":58,"column":11},"end":{"line":78,"column":5}},"type":"if","locations":[{"start":{"line":58,"column":11},"end":{"line":78,"column":5}},{"start":{"line":68,"column":11},"end":{"line":78,"column":5}}],"line":58},"16":{"loc":{"start":{"line":58,"column":15},"end":{"line":58,"column":45}},"type":"binary-expr","locations":[{"start":{"line":58,"column":15},"end":{"line":58,"column":30}},{"start":{"line":58,"column":34},"end":{"line":58,"column":45}}],"line":58},"17":{"loc":{"start":{"line":102,"column":14},"end":{"line":104,"column":113}},"type":"cond-expr","locations":[{"start":{"line":103,"column":18},"end":{"line":103,"column":23}},{"start":{"line":104,"column":18},"end":{"line":104,"column":113}}],"line":102},"18":{"loc":{"start":{"line":102,"column":14},"end":{"line":102,"column":42}},"type":"binary-expr","locations":[{"start":{"line":102,"column":14},"end":{"line":102,"column":19}},{"start":{"line":102,"column":23},"end":{"line":102,"column":42}}],"line":102},"19":{"loc":{"start":{"line":126,"column":15},"end":{"line":126,"column":53}},"type":"binary-expr","locations":[{"start":{"line":126,"column":15},"end":{"line":126,"column":27}},{"start":{"line":126,"column":31},"end":{"line":126,"column":53}}],"line":126},"20":{"loc":{"start":{"line":140,"column":20},"end":{"line":140,"column":50}},"type":"cond-expr","locations":[{"start":{"line":140,"column":32},"end":{"line":140,"column":39}},{"start":{"line":140,"column":42},"end":{"line":140,"column":50}}],"line":140},"21":{"loc":{"start":{"line":143,"column":19},"end":{"line":206,"column":19}},"type":"cond-expr","locations":[{"start":{"line":144,"column":20},"end":{"line":201,"column":26}},{"start":{"line":203,"column":20},"end":{"line":205,"column":26}}],"line":143},"22":{"loc":{"start":{"line":143,"column":19},"end":{"line":143,"column":75}},"type":"binary-expr","locations":[{"start":{"line":143,"column":19},"end":{"line":143,"column":46}},{"start":{"line":143,"column":50},"end":{"line":143,"column":75}}],"line":143},"23":{"loc":{"start":{"line":147,"column":25},"end":{"line":151,"column":36}},"type":"cond-expr","locations":[{"start":{"line":148,"column":28},"end":{"line":150,"column":37}},{"start":{"line":151,"column":28},"end":{"line":151,"column":36}}],"line":147},"24":{"loc":{"start":{"line":155,"column":25},"end":{"line":159,"column":36}},"type":"cond-expr","locations":[{"start":{"line":156,"column":28},"end":{"line":158,"column":37}},{"start":{"line":159,"column":28},"end":{"line":159,"column":36}}],"line":155},"25":{"loc":{"start":{"line":163,"column":25},"end":{"line":167,"column":36}},"type":"cond-expr","locations":[{"start":{"line":164,"column":28},"end":{"line":166,"column":37}},{"start":{"line":167,"column":28},"end":{"line":167,"column":36}}],"line":163},"26":{"loc":{"start":{"line":171,"column":25},"end":{"line":175,"column":36}},"type":"cond-expr","locations":[{"start":{"line":172,"column":28},"end":{"line":174,"column":37}},{"start":{"line":175,"column":28},"end":{"line":175,"column":36}}],"line":171},"27":{"loc":{"start":{"line":179,"column":25},"end":{"line":183,"column":36}},"type":"cond-expr","locations":[{"start":{"line":180,"column":28},"end":{"line":182,"column":37}},{"start":{"line":183,"column":28},"end":{"line":183,"column":36}}],"line":179},"28":{"loc":{"start":{"line":187,"column":25},"end":{"line":191,"column":36}},"type":"cond-expr","locations":[{"start":{"line":188,"column":28},"end":{"line":190,"column":37}},{"start":{"line":191,"column":28},"end":{"line":191,"column":36}}],"line":187},"29":{"loc":{"start":{"line":195,"column":25},"end":{"line":199,"column":36}},"type":"cond-expr","locations":[{"start":{"line":196,"column":28},"end":{"line":198,"column":37}},{"start":{"line":199,"column":28},"end":{"line":199,"column":36}}],"line":195},"30":{"loc":{"start":{"line":222,"column":13},"end":{"line":231,"column":13}},"type":"binary-expr","locations":[{"start":{"line":222,"column":13},"end":{"line":222,"column":20}},{"start":{"line":223,"column":14},"end":{"line":230,"column":18}}],"line":222},"31":{"loc":{"start":{"line":233,"column":13},"end":{"line":242,"column":13}},"type":"binary-expr","locations":[{"start":{"line":233,"column":13},"end":{"line":233,"column":26}},{"start":{"line":234,"column":14},"end":{"line":241,"column":18}}],"line":233}},"s":{"0":7,"1":7,"2":7,"3":7,"4":7,"5":7,"6":7,"7":7,"8":7,"9":7,"10":7,"11":35,"12":28,"13":7,"14":7,"15":0,"16":7,"17":1,"18":7,"19":0,"20":0},"f":{"0":7,"1":1,"2":0},"b":{"0":[7,0],"1":[0],"2":[0],"3":[0],"4":[0],"5":[0],"6":[0],"7":[0],"8":[0],"9":[0],"10":[0],"11":[0],"12":[7,0],"13":[7,0],"14":[28,7],"15":[7,0],"16":[7,7],"17":[6,1],"18":[7,6],"19":[7,0],"20":[1,6],"21":[7,0],"22":[7,7],"23":[7,0],"24":[7,0],"25":[7,0],"26":[7,0],"27":[7,0],"28":[7,0],"29":[7,0],"30":[7,7],"31":[7,7]},"_coverageSchema":"1a1c01bbd47fc00a2c39e90264f33305004495a9","hash":"ee4f30a3354e988aac8dbb0f711b59e51ba2736c"}
,"C:\\School\\University - Ontario Tech\\YEAR 2\\Software Design\\GeoAssist\\client\\reactApp\\src\\components\\admin\\Admin.jsx": {"path":"C:\\School\\University - Ontario Tech\\YEAR 2\\Software Design\\GeoAssist\\client\\reactApp\\src\\components\\admin\\Admin.jsx","statementMap":{"0":{"start":{"line":23,"column":26},"end":{"line":23,"column":35}},"1":{"start":{"line":24,"column":36},"end":{"line":24,"column":48}},"2":{"start":{"line":25,"column":32},"end":{"line":25,"column":46}},"3":{"start":{"line":26,"column":28},"end":{"line":26,"column":42}},"4":{"start":{"line":29,"column":40},"end":{"line":42,"column":4}},"5":{"start":{"line":45,"column":46},"end":{"line":45,"column":60}},"6":{"start":{"line":46,"column":50},"end":{"line":59,"column":4}},"7":{"start":{"line":62,"column":50},"end":{"line":62,"column":64}},"8":{"start":{"line":63,"column":36},"end":{"line":67,"column":4}},"9":{"start":{"line":70,"column":2},"end":{"line":88,"column":9}},"10":{"start":{"line":71,"column":27},"end":{"line":85,"column":5}},"11":{"start":{"line":72,"column":6},"end":{"line":72,"column":23}},"12":{"start":{"line":73,"column":6},"end":{"line":84,"column":7}},"13":{"start":{"line":74,"column":30},"end":{"line":74,"column":72}},"14":{"start":{"line":75,"column":30},"end":{"line":78,"column":11}},"15":{"start":{"line":75,"column":67},"end":{"line":78,"column":9}},"16":{"start":{"line":79,"column":8},"end":{"line":79,"column":36}},"17":{"start":{"line":81,"column":8},"end":{"line":81,"column":47}},"18":{"start":{"line":83,"column":8},"end":{"line":83,"column":26}},"19":{"start":{"line":87,"column":4},"end":{"line":87,"column":21}},"20":{"start":{"line":91,"column":2},"end":{"line":93,"column":3}},"21":{"start":{"line":92,"column":4},"end":{"line":92,"column":31}},"22":{"start":{"line":96,"column":24},"end":{"line":96,"column":62}},"23":{"start":{"line":96,"column":36},"end":{"line":96,"column":62}},"24":{"start":{"line":99,"column":28},"end":{"line":139,"column":3}},"25":{"start":{"line":101,"column":24},"end":{"line":103,"column":5}},"26":{"start":{"line":105,"column":4},"end":{"line":108,"column":5}},"27":{"start":{"line":106,"column":6},"end":{"line":106,"column":50}},"28":{"start":{"line":107,"column":6},"end":{"line":107,"column":13}},"29":{"start":{"line":110,"column":4},"end":{"line":138,"column":5}},"30":{"start":{"line":112,"column":27},"end":{"line":115,"column":7}},"31":{"start":{"line":117,"column":21},"end":{"line":117,"column":76}},"32":{"start":{"line":118,"column":6},"end":{"line":118,"column":71}},"33":{"start":{"line":121,"column":6},"end":{"line":134,"column":9}},"34":{"start":{"line":135,"column":6},"end":{"line":135,"column":21}},"35":{"start":{"line":137,"column":6},"end":{"line":137,"column":41}},"36":{"start":{"line":142,"column":31},"end":{"line":150,"column":3}},"37":{"start":{"line":143,"column":4},"end":{"line":149,"column":5}},"38":{"start":{"line":144,"column":6},"end":{"line":144,"column":48}},"39":{"start":{"line":145,"column":6},"end":{"line":145,"column":61}},"40":{"start":{"line":145,"column":45},"end":{"line":145,"column":58}},"41":{"start":{"line":146,"column":6},"end":{"line":146,"column":21}},"42":{"start":{"line":148,"column":6},"end":{"line":148,"column":43}},"43":{"start":{"line":153,"column":29},"end":{"line":156,"column":3}},"44":{"start":{"line":154,"column":4},"end":{"line":154,"column":35}},"45":{"start":{"line":155,"column":4},"end":{"line":155,"column":34}},"46":{"start":{"line":159,"column":31},"end":{"line":209,"column":3}},"47":{"start":{"line":161,"column":24},"end":{"line":163,"column":5}},"48":{"start":{"line":165,"column":4},"end":{"line":168,"column":5}},"49":{"start":{"line":166,"column":6},"end":{"line":166,"column":50}},"50":{"start":{"line":167,"column":6},"end":{"line":167,"column":13}},"51":{"start":{"line":170,"column":4},"end":{"line":208,"column":5}},"52":{"start":{"line":172,"column":26},"end":{"line":175,"column":7}},"53":{"start":{"line":177,"column":29},"end":{"line":177,"column":65}},"54":{"start":{"line":178,"column":6},"end":{"line":178,"column":51}},"55":{"start":{"line":181,"column":6},"end":{"line":187,"column":8}},"56":{"start":{"line":183,"column":10},"end":{"line":185,"column":17}},"57":{"start":{"line":190,"column":6},"end":{"line":190,"column":30}},"58":{"start":{"line":191,"column":6},"end":{"line":204,"column":9}},"59":{"start":{"line":205,"column":6},"end":{"line":205,"column":21}},"60":{"start":{"line":207,"column":6},"end":{"line":207,"column":43}},"61":{"start":{"line":212,"column":26},"end":{"line":246,"column":3}},"62":{"start":{"line":213,"column":4},"end":{"line":213,"column":34}},"63":{"start":{"line":213,"column":27},"end":{"line":213,"column":34}},"64":{"start":{"line":215,"column":24},"end":{"line":215,"column":52}},"65":{"start":{"line":216,"column":4},"end":{"line":219,"column":5}},"66":{"start":{"line":217,"column":6},"end":{"line":217,"column":57}},"67":{"start":{"line":218,"column":6},"end":{"line":218,"column":13}},"68":{"start":{"line":221,"column":4},"end":{"line":245,"column":5}},"69":{"start":{"line":222,"column":21},"end":{"line":227,"column":7}},"70":{"start":{"line":228,"column":26},"end":{"line":228,"column":64}},"71":{"start":{"line":229,"column":6},"end":{"line":231,"column":9}},"72":{"start":{"line":233,"column":6},"end":{"line":239,"column":8}},"73":{"start":{"line":235,"column":10},"end":{"line":237,"column":22}},"74":{"start":{"line":240,"column":6},"end":{"line":240,"column":70}},"75":{"start":{"line":241,"column":6},"end":{"line":241,"column":32}},"76":{"start":{"line":242,"column":6},"end":{"line":242,"column":21}},"77":{"start":{"line":244,"column":6},"end":{"line":244,"column":39}},"78":{"start":{"line":248,"column":2},"end":{"line":841,"column":4}},"79":{"start":{"line":300,"column":22},"end":{"line":594,"column":27}},"80":{"start":{"line":310,"column":32},"end":{"line":313,"column":34}},"81":{"start":{"line":327,"column":32},"end":{"line":330,"column":34}},"82":{"start":{"line":344,"column":32},"end":{"line":347,"column":34}},"83":{"start":{"line":361,"column":32},"end":{"line":364,"column":34}},"84":{"start":{"line":378,"column":32},"end":{"line":381,"column":34}},"85":{"start":{"line":395,"column":32},"end":{"line":398,"column":34}},"86":{"start":{"line":423,"column":32},"end":{"line":426,"column":34}},"87":{"start":{"line":451,"column":32},"end":{"line":454,"column":34}},"88":{"start":{"line":474,"column":32},"end":{"line":477,"column":34}},"89":{"start":{"line":494,"column":44},"end":{"line":494,"column":75}},"90":{"start":{"line":495,"column":32},"end":{"line":498,"column":35}},"91":{"start":{"line":516,"column":47},"end":{"line":516,"column":70}},"92":{"start":{"line":525,"column":47},"end":{"line":525,"column":75}},"93":{"start":{"line":532,"column":34},"end":{"line":532,"column":67}},"94":{"start":{"line":539,"column":47},"end":{"line":539,"column":79}},"95":{"start":{"line":562,"column":32},"end":{"line":589,"column":38}},"96":{"start":{"line":574,"column":59},"end":{"line":577,"column":39}},"97":{"start":{"line":578,"column":38},"end":{"line":581,"column":72}},"98":{"start":{"line":582,"column":38},"end":{"line":585,"column":41}},"99":{"start":{"line":612,"column":24},"end":{"line":615,"column":26}},"100":{"start":{"line":627,"column":24},"end":{"line":630,"column":26}},"101":{"start":{"line":640,"column":22},"end":{"line":643,"column":24}},"102":{"start":{"line":655,"column":37},"end":{"line":655,"column":62}},"103":{"start":{"line":673,"column":22},"end":{"line":673,"column":78}},"104":{"start":{"line":682,"column":22},"end":{"line":685,"column":24}},"105":{"start":{"line":696,"column":22},"end":{"line":696,"column":79}},"106":{"start":{"line":705,"column":22},"end":{"line":708,"column":24}},"107":{"start":{"line":719,"column":22},"end":{"line":719,"column":78}},"108":{"start":{"line":728,"column":22},"end":{"line":731,"column":24}},"109":{"start":{"line":740,"column":22},"end":{"line":743,"column":24}},"110":{"start":{"line":754,"column":22},"end":{"line":757,"column":24}},"111":{"start":{"line":766,"column":22},"end":{"line":769,"column":24}},"112":{"start":{"line":786,"column":22},"end":{"line":808,"column":28}},"113":{"start":{"line":795,"column":49},"end":{"line":795,"column":78}},"114":{"start":{"line":796,"column":28},"end":{"line":800,"column":60}},"115":{"start":{"line":801,"column":28},"end":{"line":804,"column":31}},"116":{"start":{"line":821,"column":22},"end":{"line":824,"column":24}}},"fnMap":{"0":{"name":"Admin","decl":{"start":{"line":22,"column":9},"end":{"line":22,"column":14}},"loc":{"start":{"line":22,"column":17},"end":{"line":842,"column":1}},"line":22},"1":{"name":"(anonymous_1)","decl":{"start":{"line":70,"column":12},"end":{"line":70,"column":13}},"loc":{"start":{"line":70,"column":18},"end":{"line":88,"column":3}},"line":70},"2":{"name":"(anonymous_2)","decl":{"start":{"line":71,"column":27},"end":{"line":71,"column":28}},"loc":{"start":{"line":71,"column":39},"end":{"line":85,"column":5}},"line":71},"3":{"name":"(anonymous_3)","decl":{"start":{"line":75,"column":53},"end":{"line":75,"column":54}},"loc":{"start":{"line":75,"column":67},"end":{"line":78,"column":9}},"line":75},"4":{"name":"(anonymous_4)","decl":{"start":{"line":96,"column":24},"end":{"line":96,"column":25}},"loc":{"start":{"line":96,"column":36},"end":{"line":96,"column":62}},"line":96},"5":{"name":"(anonymous_5)","decl":{"start":{"line":99,"column":28},"end":{"line":99,"column":29}},"loc":{"start":{"line":99,"column":40},"end":{"line":139,"column":3}},"line":99},"6":{"name":"(anonymous_6)","decl":{"start":{"line":142,"column":31},"end":{"line":142,"column":32}},"loc":{"start":{"line":142,"column":45},"end":{"line":150,"column":3}},"line":142},"7":{"name":"(anonymous_7)","decl":{"start":{"line":145,"column":36},"end":{"line":145,"column":37}},"loc":{"start":{"line":145,"column":45},"end":{"line":145,"column":58}},"line":145},"8":{"name":"(anonymous_8)","decl":{"start":{"line":153,"column":29},"end":{"line":153,"column":30}},"loc":{"start":{"line":153,"column":43},"end":{"line":156,"column":3}},"line":153},"9":{"name":"(anonymous_9)","decl":{"start":{"line":159,"column":31},"end":{"line":159,"column":32}},"loc":{"start":{"line":159,"column":43},"end":{"line":209,"column":3}},"line":159},"10":{"name":"(anonymous_10)","decl":{"start":{"line":182,"column":22},"end":{"line":182,"column":23}},"loc":{"start":{"line":183,"column":10},"end":{"line":185,"column":17}},"line":183},"11":{"name":"(anonymous_11)","decl":{"start":{"line":212,"column":26},"end":{"line":212,"column":27}},"loc":{"start":{"line":212,"column":38},"end":{"line":246,"column":3}},"line":212},"12":{"name":"(anonymous_12)","decl":{"start":{"line":234,"column":22},"end":{"line":234,"column":23}},"loc":{"start":{"line":235,"column":10},"end":{"line":237,"column":22}},"line":235},"13":{"name":"(anonymous_13)","decl":{"start":{"line":299,"column":35},"end":{"line":299,"column":36}},"loc":{"start":{"line":300,"column":22},"end":{"line":594,"column":27}},"line":300},"14":{"name":"(anonymous_14)","decl":{"start":{"line":309,"column":40},"end":{"line":309,"column":41}},"loc":{"start":{"line":310,"column":32},"end":{"line":313,"column":34}},"line":310},"15":{"name":"(anonymous_15)","decl":{"start":{"line":326,"column":40},"end":{"line":326,"column":41}},"loc":{"start":{"line":327,"column":32},"end":{"line":330,"column":34}},"line":327},"16":{"name":"(anonymous_16)","decl":{"start":{"line":343,"column":40},"end":{"line":343,"column":41}},"loc":{"start":{"line":344,"column":32},"end":{"line":347,"column":34}},"line":344},"17":{"name":"(anonymous_17)","decl":{"start":{"line":360,"column":40},"end":{"line":360,"column":41}},"loc":{"start":{"line":361,"column":32},"end":{"line":364,"column":34}},"line":361},"18":{"name":"(anonymous_18)","decl":{"start":{"line":377,"column":40},"end":{"line":377,"column":41}},"loc":{"start":{"line":378,"column":32},"end":{"line":381,"column":34}},"line":378},"19":{"name":"(anonymous_19)","decl":{"start":{"line":394,"column":40},"end":{"line":394,"column":41}},"loc":{"start":{"line":395,"column":32},"end":{"line":398,"column":34}},"line":395},"20":{"name":"(anonymous_20)","decl":{"start":{"line":422,"column":40},"end":{"line":422,"column":41}},"loc":{"start":{"line":423,"column":32},"end":{"line":426,"column":34}},"line":423},"21":{"name":"(anonymous_21)","decl":{"start":{"line":450,"column":40},"end":{"line":450,"column":41}},"loc":{"start":{"line":451,"column":32},"end":{"line":454,"column":34}},"line":451},"22":{"name":"(anonymous_22)","decl":{"start":{"line":473,"column":40},"end":{"line":473,"column":41}},"loc":{"start":{"line":474,"column":32},"end":{"line":477,"column":34}},"line":474},"23":{"name":"(anonymous_23)","decl":{"start":{"line":493,"column":40},"end":{"line":493,"column":41}},"loc":{"start":{"line":493,"column":47},"end":{"line":499,"column":31}},"line":493},"24":{"name":"(anonymous_24)","decl":{"start":{"line":516,"column":41},"end":{"line":516,"column":42}},"loc":{"start":{"line":516,"column":47},"end":{"line":516,"column":70}},"line":516},"25":{"name":"(anonymous_25)","decl":{"start":{"line":525,"column":41},"end":{"line":525,"column":42}},"loc":{"start":{"line":525,"column":47},"end":{"line":525,"column":75}},"line":525},"26":{"name":"(anonymous_26)","decl":{"start":{"line":531,"column":41},"end":{"line":531,"column":42}},"loc":{"start":{"line":532,"column":34},"end":{"line":532,"column":67}},"line":532},"27":{"name":"(anonymous_27)","decl":{"start":{"line":539,"column":41},"end":{"line":539,"column":42}},"loc":{"start":{"line":539,"column":47},"end":{"line":539,"column":79}},"line":539},"28":{"name":"(anonymous_28)","decl":{"start":{"line":561,"column":36},"end":{"line":561,"column":37}},"loc":{"start":{"line":562,"column":32},"end":{"line":589,"column":38}},"line":562},"29":{"name":"(anonymous_29)","decl":{"start":{"line":573,"column":46},"end":{"line":573,"column":47}},"loc":{"start":{"line":573,"column":53},"end":{"line":586,"column":37}},"line":573},"30":{"name":"(anonymous_30)","decl":{"start":{"line":611,"column":32},"end":{"line":611,"column":33}},"loc":{"start":{"line":612,"column":24},"end":{"line":615,"column":26}},"line":612},"31":{"name":"(anonymous_31)","decl":{"start":{"line":626,"column":32},"end":{"line":626,"column":33}},"loc":{"start":{"line":627,"column":24},"end":{"line":630,"column":26}},"line":627},"32":{"name":"(anonymous_32)","decl":{"start":{"line":639,"column":30},"end":{"line":639,"column":31}},"loc":{"start":{"line":640,"column":22},"end":{"line":643,"column":24}},"line":640},"33":{"name":"(anonymous_33)","decl":{"start":{"line":655,"column":31},"end":{"line":655,"column":32}},"loc":{"start":{"line":655,"column":37},"end":{"line":655,"column":62}},"line":655},"34":{"name":"(anonymous_34)","decl":{"start":{"line":672,"column":30},"end":{"line":672,"column":31}},"loc":{"start":{"line":673,"column":22},"end":{"line":673,"column":78}},"line":673},"35":{"name":"(anonymous_35)","decl":{"start":{"line":681,"column":30},"end":{"line":681,"column":31}},"loc":{"start":{"line":682,"column":22},"end":{"line":685,"column":24}},"line":682},"36":{"name":"(anonymous_36)","decl":{"start":{"line":695,"column":30},"end":{"line":695,"column":31}},"loc":{"start":{"line":696,"column":22},"end":{"line":696,"column":79}},"line":696},"37":{"name":"(anonymous_37)","decl":{"start":{"line":704,"column":30},"end":{"line":704,"column":31}},"loc":{"start":{"line":705,"column":22},"end":{"line":708,"column":24}},"line":705},"38":{"name":"(anonymous_38)","decl":{"start":{"line":718,"column":30},"end":{"line":718,"column":31}},"loc":{"start":{"line":719,"column":22},"end":{"line":719,"column":78}},"line":719},"39":{"name":"(anonymous_39)","decl":{"start":{"line":727,"column":30},"end":{"line":727,"column":31}},"loc":{"start":{"line":728,"column":22},"end":{"line":731,"column":24}},"line":728},"40":{"name":"(anonymous_40)","decl":{"start":{"line":739,"column":30},"end":{"line":739,"column":31}},"loc":{"start":{"line":740,"column":22},"end":{"line":743,"column":24}},"line":740},"41":{"name":"(anonymous_41)","decl":{"start":{"line":753,"column":30},"end":{"line":753,"column":31}},"loc":{"start":{"line":754,"column":22},"end":{"line":757,"column":24}},"line":754},"42":{"name":"(anonymous_42)","decl":{"start":{"line":765,"column":30},"end":{"line":765,"column":31}},"loc":{"start":{"line":766,"column":22},"end":{"line":769,"column":24}},"line":766},"43":{"name":"(anonymous_43)","decl":{"start":{"line":785,"column":26},"end":{"line":785,"column":27}},"loc":{"start":{"line":786,"column":22},"end":{"line":808,"column":28}},"line":786},"44":{"name":"(anonymous_44)","decl":{"start":{"line":794,"column":36},"end":{"line":794,"column":37}},"loc":{"start":{"line":794,"column":43},"end":{"line":805,"column":27}},"line":794},"45":{"name":"(anonymous_45)","decl":{"start":{"line":820,"column":30},"end":{"line":820,"column":31}},"loc":{"start":{"line":821,"column":22},"end":{"line":824,"column":24}},"line":821}},"branchMap":{"0":{"loc":{"start":{"line":91,"column":2},"end":{"line":93,"column":3}},"type":"if","locations":[{"start":{"line":91,"column":2},"end":{"line":93,"column":3}},{"start":{},"end":{}}],"line":91},"1":{"loc":{"start":{"line":91,"column":6},"end":{"line":91,"column":42}},"type":"binary-expr","locations":[{"start":{"line":91,"column":6},"end":{"line":91,"column":18}},{"start":{"line":91,"column":22},"end":{"line":91,"column":42}}],"line":91},"2":{"loc":{"start":{"line":96,"column":36},"end":{"line":96,"column":62}},"type":"binary-expr","locations":[{"start":{"line":96,"column":36},"end":{"line":96,"column":47}},{"start":{"line":96,"column":51},"end":{"line":96,"column":62}}],"line":96},"3":{"loc":{"start":{"line":105,"column":4},"end":{"line":108,"column":5}},"type":"if","locations":[{"start":{"line":105,"column":4},"end":{"line":108,"column":5}},{"start":{},"end":{}}],"line":105},"4":{"loc":{"start":{"line":165,"column":4},"end":{"line":168,"column":5}},"type":"if","locations":[{"start":{"line":165,"column":4},"end":{"line":168,"column":5}},{"start":{},"end":{}}],"line":165},"5":{"loc":{"start":{"line":183,"column":10},"end":{"line":185,"column":17}},"type":"cond-expr","locations":[{"start":{"line":184,"column":14},"end":{"line":184,"column":52}},{"start":{"line":185,"column":14},"end":{"line":185,"column":17}}],"line":183},"6":{"loc":{"start":{"line":213,"column":4},"end":{"line":213,"column":34}},"type":"if","locations":[{"start":{"line":213,"column":4},"end":{"line":213,"column":34}},{"start":{},"end":{}}],"line":213},"7":{"loc":{"start":{"line":216,"column":4},"end":{"line":219,"column":5}},"type":"if","locations":[{"start":{"line":216,"column":4},"end":{"line":219,"column":5}},{"start":{},"end":{}}],"line":216},"8":{"loc":{"start":{"line":235,"column":10},"end":{"line":237,"column":22}},"type":"cond-expr","locations":[{"start":{"line":236,"column":14},"end":{"line":236,"column":77}},{"start":{"line":237,"column":14},"end":{"line":237,"column":22}}],"line":235},"9":{"loc":{"start":{"line":236,"column":43},"end":{"line":236,"column":65}},"type":"binary-expr","locations":[{"start":{"line":236,"column":43},"end":{"line":236,"column":59}},{"start":{"line":236,"column":63},"end":{"line":236,"column":65}}],"line":236},"10":{"loc":{"start":{"line":275,"column":11},"end":{"line":275,"column":68}},"type":"binary-expr","locations":[{"start":{"line":275,"column":11},"end":{"line":275,"column":16}},{"start":{"line":275,"column":20},"end":{"line":275,"column":68}}],"line":275},"11":{"loc":{"start":{"line":276,"column":11},"end":{"line":837,"column":11}},"type":"cond-expr","locations":[{"start":{"line":277,"column":12},"end":{"line":277,"column":43}},{"start":{"line":279,"column":12},"end":{"line":836,"column":15}}],"line":276},"12":{"loc":{"start":{"line":305,"column":27},"end":{"line":319,"column":27}},"type":"cond-expr","locations":[{"start":{"line":306,"column":28},"end":{"line":316,"column":30}},{"start":{"line":318,"column":28},"end":{"line":318,"column":41}}],"line":305},"13":{"loc":{"start":{"line":322,"column":27},"end":{"line":336,"column":27}},"type":"cond-expr","locations":[{"start":{"line":323,"column":28},"end":{"line":333,"column":30}},{"start":{"line":335,"column":28},"end":{"line":335,"column":44}}],"line":322},"14":{"loc":{"start":{"line":339,"column":27},"end":{"line":353,"column":27}},"type":"cond-expr","locations":[{"start":{"line":340,"column":28},"end":{"line":350,"column":30}},{"start":{"line":352,"column":28},"end":{"line":352,"column":60}}],"line":339},"15":{"loc":{"start":{"line":342,"column":37},"end":{"line":342,"column":64}},"type":"binary-expr","locations":[{"start":{"line":342,"column":37},"end":{"line":342,"column":58}},{"start":{"line":342,"column":62},"end":{"line":342,"column":64}}],"line":342},"16":{"loc":{"start":{"line":352,"column":28},"end":{"line":352,"column":60}},"type":"binary-expr","locations":[{"start":{"line":352,"column":28},"end":{"line":352,"column":41}},{"start":{"line":352,"column":45},"end":{"line":352,"column":60}}],"line":352},"17":{"loc":{"start":{"line":356,"column":27},"end":{"line":370,"column":27}},"type":"cond-expr","locations":[{"start":{"line":357,"column":28},"end":{"line":367,"column":30}},{"start":{"line":369,"column":28},"end":{"line":369,"column":64}}],"line":356},"18":{"loc":{"start":{"line":359,"column":37},"end":{"line":359,"column":68}},"type":"binary-expr","locations":[{"start":{"line":359,"column":37},"end":{"line":359,"column":62}},{"start":{"line":359,"column":66},"end":{"line":359,"column":68}}],"line":359},"19":{"loc":{"start":{"line":369,"column":28},"end":{"line":369,"column":64}},"type":"binary-expr","locations":[{"start":{"line":369,"column":28},"end":{"line":369,"column":45}},{"start":{"line":369,"column":49},"end":{"line":369,"column":64}}],"line":369},"20":{"loc":{"start":{"line":373,"column":27},"end":{"line":387,"column":27}},"type":"cond-expr","locations":[{"start":{"line":374,"column":28},"end":{"line":384,"column":30}},{"start":{"line":386,"column":28},"end":{"line":386,"column":63}}],"line":373},"21":{"loc":{"start":{"line":376,"column":37},"end":{"line":376,"column":67}},"type":"binary-expr","locations":[{"start":{"line":376,"column":37},"end":{"line":376,"column":61}},{"start":{"line":376,"column":65},"end":{"line":376,"column":67}}],"line":376},"22":{"loc":{"start":{"line":386,"column":28},"end":{"line":386,"column":63}},"type":"binary-expr","locations":[{"start":{"line":386,"column":28},"end":{"line":386,"column":44}},{"start":{"line":386,"column":48},"end":{"line":386,"column":63}}],"line":386},"23":{"loc":{"start":{"line":390,"column":27},"end":{"line":415,"column":27}},"type":"cond-expr","locations":[{"start":{"line":391,"column":28},"end":{"line":401,"column":30}},{"start":{"line":403,"column":28},"end":{"line":414,"column":32}}],"line":390},"24":{"loc":{"start":{"line":393,"column":37},"end":{"line":393,"column":67}},"type":"binary-expr","locations":[{"start":{"line":393,"column":37},"end":{"line":393,"column":61}},{"start":{"line":393,"column":65},"end":{"line":393,"column":67}}],"line":393},"25":{"loc":{"start":{"line":408,"column":32},"end":{"line":410,"column":51}},"type":"cond-expr","locations":[{"start":{"line":409,"column":36},"end":{"line":409,"column":67}},{"start":{"line":410,"column":36},"end":{"line":410,"column":51}}],"line":408},"26":{"loc":{"start":{"line":413,"column":31},"end":{"line":413,"column":77}},"type":"cond-expr","locations":[{"start":{"line":413,"column":50},"end":{"line":413,"column":62}},{"start":{"line":413,"column":65},"end":{"line":413,"column":77}}],"line":413},"27":{"loc":{"start":{"line":418,"column":27},"end":{"line":443,"column":27}},"type":"cond-expr","locations":[{"start":{"line":419,"column":28},"end":{"line":429,"column":30}},{"start":{"line":431,"column":28},"end":{"line":442,"column":32}}],"line":418},"28":{"loc":{"start":{"line":421,"column":37},"end":{"line":421,"column":73}},"type":"binary-expr","locations":[{"start":{"line":421,"column":37},"end":{"line":421,"column":67}},{"start":{"line":421,"column":71},"end":{"line":421,"column":73}}],"line":421},"29":{"loc":{"start":{"line":436,"column":32},"end":{"line":438,"column":51}},"type":"cond-expr","locations":[{"start":{"line":437,"column":36},"end":{"line":437,"column":67}},{"start":{"line":438,"column":36},"end":{"line":438,"column":51}}],"line":436},"30":{"loc":{"start":{"line":441,"column":31},"end":{"line":441,"column":77}},"type":"cond-expr","locations":[{"start":{"line":441,"column":56},"end":{"line":441,"column":66}},{"start":{"line":441,"column":69},"end":{"line":441,"column":77}}],"line":441},"31":{"loc":{"start":{"line":446,"column":27},"end":{"line":466,"column":27}},"type":"cond-expr","locations":[{"start":{"line":447,"column":28},"end":{"line":457,"column":30}},{"start":{"line":458,"column":30},"end":{"line":466,"column":27}}],"line":446},"32":{"loc":{"start":{"line":458,"column":30},"end":{"line":466,"column":27}},"type":"cond-expr","locations":[{"start":{"line":459,"column":28},"end":{"line":463,"column":30}},{"start":{"line":465,"column":28},"end":{"line":465,"column":38}}],"line":458},"33":{"loc":{"start":{"line":469,"column":27},"end":{"line":483,"column":27}},"type":"cond-expr","locations":[{"start":{"line":470,"column":28},"end":{"line":480,"column":30}},{"start":{"line":482,"column":28},"end":{"line":482,"column":44}}],"line":469},"34":{"loc":{"start":{"line":486,"column":27},"end":{"line":504,"column":27}},"type":"cond-expr","locations":[{"start":{"line":487,"column":28},"end":{"line":501,"column":30}},{"start":{"line":503,"column":28},"end":{"line":503,"column":43}}],"line":486},"35":{"loc":{"start":{"line":494,"column":44},"end":{"line":494,"column":75}},"type":"binary-expr","locations":[{"start":{"line":494,"column":44},"end":{"line":494,"column":70}},{"start":{"line":494,"column":74},"end":{"line":494,"column":75}}],"line":494},"36":{"loc":{"start":{"line":507,"column":27},"end":{"line":545,"column":27}},"type":"cond-expr","locations":[{"start":{"line":508,"column":28},"end":{"line":521,"column":34}},{"start":{"line":523,"column":28},"end":{"line":544,"column":34}}],"line":507},"37":{"loc":{"start":{"line":547,"column":25},"end":{"line":593,"column":25}},"type":"binary-expr","locations":[{"start":{"line":547,"column":25},"end":{"line":547,"column":55}},{"start":{"line":548,"column":26},"end":{"line":592,"column":32}}],"line":547},"38":{"loc":{"start":{"line":570,"column":38},"end":{"line":571,"column":40}},"type":"binary-expr","locations":[{"start":{"line":570,"column":38},"end":{"line":570,"column":76}},{"start":{"line":571,"column":38},"end":{"line":571,"column":40}}],"line":570},"39":{"loc":{"start":{"line":575,"column":44},"end":{"line":576,"column":59}},"type":"binary-expr","locations":[{"start":{"line":575,"column":44},"end":{"line":575,"column":73}},{"start":{"line":576,"column":42},"end":{"line":576,"column":59}}],"line":575},"40":{"loc":{"start":{"line":579,"column":40},"end":{"line":581,"column":71}},"type":"cond-expr","locations":[{"start":{"line":580,"column":44},"end":{"line":580,"column":58}},{"start":{"line":581,"column":44},"end":{"line":581,"column":71}}],"line":579},"41":{"loc":{"start":{"line":601,"column":15},"end":{"line":662,"column":15}},"type":"binary-expr","locations":[{"start":{"line":601,"column":15},"end":{"line":601,"column":31}},{"start":{"line":602,"column":16},"end":{"line":661,"column":22}}],"line":601},"42":{"loc":{"start":{"line":629,"column":34},"end":{"line":629,"column":65}},"type":"binary-expr","locations":[{"start":{"line":629,"column":34},"end":{"line":629,"column":60}},{"start":{"line":629,"column":64},"end":{"line":629,"column":65}}],"line":629},"43":{"loc":{"start":{"line":793,"column":33},"end":{"line":793,"column":70}},"type":"binary-expr","locations":[{"start":{"line":793,"column":33},"end":{"line":793,"column":64}},{"start":{"line":793,"column":68},"end":{"line":793,"column":70}}],"line":793},"44":{"loc":{"start":{"line":796,"column":50},"end":{"line":800,"column":59}},"type":"cond-expr","locations":[{"start":{"line":799,"column":32},"end":{"line":799,"column":46}},{"start":{"line":800,"column":32},"end":{"line":800,"column":59}}],"line":796},"45":{"loc":{"start":{"line":823,"column":32},"end":{"line":823,"column":63}},"type":"binary-expr","locations":[{"start":{"line":823,"column":32},"end":{"line":823,"column":58}},{"start":{"line":823,"column":62},"end":{"line":823,"column":63}}],"line":823}},"s":{"0":15,"1":15,"2":13,"3":13,"4":13,"5":13,"6":13,"7":13,"8":13,"9":13,"10":7,"11":7,"12":7,"13":7,"14":7,"15":14,"16":7,"17":0,"18":7,"19":7,"20":13,"21":3,"22":10,"23":0,"24":10,"25":0,"26":0,"27":0,"28":0,"29":0,"30":0,"31":0,"32":0,"33":0,"34":0,"35":0,"36":10,"37":0,"38":0,"39":0,"40":0,"41":0,"42":0,"43":10,"44":0,"45":0,"46":10,"47":0,"48":0,"49":0,"50":0,"51":0,"52":0,"53":0,"54":0,"55":0,"56":0,"57":0,"58":0,"59":0,"60":0,"61":10,"62":0,"63":0,"64":0,"65":0,"66":0,"67":0,"68":0,"69":0,"70":0,"71":0,"72":0,"73":0,"74":0,"75":0,"76":0,"77":0,"78":10,"79":10,"80":0,"81":0,"82":0,"83":0,"84":0,"85":0,"86":0,"87":0,"88":0,"89":0,"90":0,"91":0,"92":0,"93":0,"94":0,"95":0,"96":0,"97":0,"98":0,"99":0,"100":0,"101":0,"102":0,"103":0,"104":0,"105":0,"106":0,"107":0,"108":0,"109":0,"110":0,"111":0,"112":35,"113":0,"114":0,"115":0,"116":0},"f":{"0":15,"1":7,"2":7,"3":14,"4":0,"5":0,"6":0,"7":0,"8":0,"9":0,"10":0,"11":0,"12":0,"13":10,"14":0,"15":0,"16":0,"17":0,"18":0,"19":0,"20":0,"21":0,"22":0,"23":0,"24":0,"25":0,"26":0,"27":0,"28":0,"29":0,"30":0,"31":0,"32":0,"33":0,"34":0,"35":0,"36":0,"37":0,"38":0,"39":0,"40":0,"41":0,"42":0,"43":35,"44":0,"45":0},"b":{"0":[3,10],"1":[13,13],"2":[0,0],"3":[0,0],"4":[0,0],"5":[0,0],"6":[0,0],"7":[0,0],"8":[0,0],"9":[0,0],"10":[10,0],"11":[5,5],"12":[0,10],"13":[0,10],"14":[0,10],"15":[0,0],"16":[10,0],"17":[0,10],"18":[0,0],"19":[10,0],"20":[0,10],"21":[0,0],"22":[10,0],"23":[0,10],"24":[0,0],"25":[10,0],"26":[10,0],"27":[0,10],"28":[0,0],"29":[10,0],"30":[10,0],"31":[0,10],"32":[10,0],"33":[0,10],"34":[0,10],"35":[0,0],"36":[0,10],"37":[10,0],"38":[0,0],"39":[0,0],"40":[0,0],"41":[5,0],"42":[0,0],"43":[35,35],"44":[0,0],"45":[0,0]},"_coverageSchema":"1a1c01bbd47fc00a2c39e90264f33305004495a9","hash":"b15b6dc861011a06728ebb523a0ed6ffd2edfdab"}
,"C:\\School\\University - Ontario Tech\\YEAR 2\\Software Design\\GeoAssist\\client\\reactApp\\src\\components\\auth\\Login.jsx": {"path":"C:\\School\\University - Ontario Tech\\YEAR 2\\Software Design\\GeoAssist\\client\\reactApp\\src\\components\\auth\\Login.jsx","statementMap":{"0":{"start":{"line":13,"column":14},"end":{"line":156,"column":1}},"1":{"start":{"line":14,"column":27},"end":{"line":14,"column":36}},"2":{"start":{"line":16,"column":19},"end":{"line":16,"column":32}},"3":{"start":{"line":17,"column":28},"end":{"line":17,"column":40}},"4":{"start":{"line":18,"column":34},"end":{"line":18,"column":46}},"5":{"start":{"line":19,"column":40},"end":{"line":19,"column":55}},"6":{"start":{"line":20,"column":28},"end":{"line":20,"column":40}},"7":{"start":{"line":22,"column":19},"end":{"line":41,"column":3}},"8":{"start":{"line":23,"column":4},"end":{"line":23,"column":23}},"9":{"start":{"line":25,"column":4},"end":{"line":40,"column":5}},"10":{"start":{"line":26,"column":6},"end":{"line":26,"column":27}},"11":{"start":{"line":27,"column":6},"end":{"line":39,"column":7}},"12":{"start":{"line":28,"column":31},"end":{"line":31,"column":9}},"13":{"start":{"line":32,"column":8},"end":{"line":32,"column":60}},"14":{"start":{"line":33,"column":8},"end":{"line":33,"column":22}},"15":{"start":{"line":34,"column":8},"end":{"line":34,"column":22}},"16":{"start":{"line":36,"column":8},"end":{"line":36,"column":32}},"17":{"start":{"line":38,"column":8},"end":{"line":38,"column":30}},"18":{"start":{"line":43,"column":25},"end":{"line":60,"column":3}},"19":{"start":{"line":44,"column":4},"end":{"line":59,"column":5}},"20":{"start":{"line":46,"column":6},"end":{"line":58,"column":7}},"21":{"start":{"line":47,"column":31},"end":{"line":47,"column":57}},"22":{"start":{"line":48,"column":21},"end":{"line":48,"column":40}},"23":{"start":{"line":49,"column":8},"end":{"line":49,"column":51}},"24":{"start":{"line":50,"column":8},"end":{"line":50,"column":44}},"25":{"start":{"line":51,"column":8},"end":{"line":51,"column":57}},"26":{"start":{"line":52,"column":8},"end":{"line":52,"column":22}},"27":{"start":{"line":53,"column":8},"end":{"line":53,"column":22}},"28":{"start":{"line":55,"column":8},"end":{"line":55,"column":32}},"29":{"start":{"line":57,"column":8},"end":{"line":57,"column":30}},"30":{"start":{"line":62,"column":30},"end":{"line":79,"column":3}},"31":{"start":{"line":63,"column":4},"end":{"line":78,"column":5}},"32":{"start":{"line":64,"column":6},"end":{"line":64,"column":27}},"33":{"start":{"line":65,"column":6},"end":{"line":77,"column":7}},"34":{"start":{"line":66,"column":31},"end":{"line":66,"column":58}},"35":{"start":{"line":67,"column":21},"end":{"line":67,"column":40}},"36":{"start":{"line":68,"column":8},"end":{"line":68,"column":51}},"37":{"start":{"line":69,"column":8},"end":{"line":69,"column":44}},"38":{"start":{"line":70,"column":8},"end":{"line":70,"column":57}},"39":{"start":{"line":71,"column":8},"end":{"line":71,"column":21}},"40":{"start":{"line":72,"column":8},"end":{"line":72,"column":22}},"41":{"start":{"line":74,"column":8},"end":{"line":74,"column":32}},"42":{"start":{"line":76,"column":8},"end":{"line":76,"column":30}},"43":{"start":{"line":81,"column":2},"end":{"line":155,"column":4}},"44":{"start":{"line":104,"column":31},"end":{"line":104,"column":55}},"45":{"start":{"line":116,"column":31},"end":{"line":116,"column":58}},"46":{"start":{"line":124,"column":29},"end":{"line":124,"column":48}}},"fnMap":{"0":{"name":"(anonymous_0)","decl":{"start":{"line":13,"column":14},"end":{"line":13,"column":15}},"loc":{"start":{"line":13,"column":20},"end":{"line":156,"column":1}},"line":13},"1":{"name":"(anonymous_1)","decl":{"start":{"line":22,"column":19},"end":{"line":22,"column":20}},"loc":{"start":{"line":22,"column":32},"end":{"line":41,"column":3}},"line":22},"2":{"name":"(anonymous_2)","decl":{"start":{"line":43,"column":25},"end":{"line":43,"column":26}},"loc":{"start":{"line":43,"column":37},"end":{"line":60,"column":3}},"line":43},"3":{"name":"(anonymous_3)","decl":{"start":{"line":62,"column":30},"end":{"line":62,"column":31}},"loc":{"start":{"line":62,"column":42},"end":{"line":79,"column":3}},"line":62},"4":{"name":"(anonymous_4)","decl":{"start":{"line":104,"column":24},"end":{"line":104,"column":25}},"loc":{"start":{"line":104,"column":31},"end":{"line":104,"column":55}},"line":104},"5":{"name":"(anonymous_5)","decl":{"start":{"line":116,"column":24},"end":{"line":116,"column":25}},"loc":{"start":{"line":116,"column":31},"end":{"line":116,"column":58}},"line":116},"6":{"name":"(anonymous_6)","decl":{"start":{"line":124,"column":23},"end":{"line":124,"column":24}},"loc":{"start":{"line":124,"column":29},"end":{"line":124,"column":48}},"line":124}},"branchMap":{"0":{"loc":{"start":{"line":25,"column":4},"end":{"line":40,"column":5}},"type":"if","locations":[{"start":{"line":25,"column":4},"end":{"line":40,"column":5}},{"start":{},"end":{}}],"line":25},"1":{"loc":{"start":{"line":44,"column":4},"end":{"line":59,"column":5}},"type":"if","locations":[{"start":{"line":44,"column":4},"end":{"line":59,"column":5}},{"start":{},"end":{}}],"line":44},"2":{"loc":{"start":{"line":63,"column":4},"end":{"line":78,"column":5}},"type":"if","locations":[{"start":{"line":63,"column":4},"end":{"line":78,"column":5}},{"start":{},"end":{}}],"line":63},"3":{"loc":{"start":{"line":92,"column":9},"end":{"line":94,"column":9}},"type":"binary-expr","locations":[{"start":{"line":92,"column":9},"end":{"line":92,"column":14}},{"start":{"line":93,"column":10},"end":{"line":93,"column":74}}],"line":92},"4":{"loc":{"start":{"line":135,"column":13},"end":{"line":135,"column":52}},"type":"cond-expr","locations":[{"start":{"line":135,"column":27},"end":{"line":135,"column":42}},{"start":{"line":135,"column":45},"end":{"line":135,"column":52}}],"line":135}},"s":{"0":2,"1":2,"2":2,"3":2,"4":2,"5":2,"6":2,"7":2,"8":0,"9":0,"10":0,"11":0,"12":0,"13":0,"14":0,"15":0,"16":0,"17":0,"18":2,"19":0,"20":0,"21":0,"22":0,"23":0,"24":0,"25":0,"26":0,"27":0,"28":0,"29":0,"30":2,"31":0,"32":0,"33":0,"34":0,"35":0,"36":0,"37":0,"38":0,"39":0,"40":0,"41":0,"42":0,"43":2,"44":0,"45":0,"46":0},"f":{"0":2,"1":0,"2":0,"3":0,"4":0,"5":0,"6":0},"b":{"0":[0,0],"1":[0,0],"2":[0,0],"3":[2,0],"4":[0,2]},"_coverageSchema":"1a1c01bbd47fc00a2c39e90264f33305004495a9","hash":"0b0b34297830e60f300c82d518efd3668a7963b9"}
,"C:\\School\\University - Ontario Tech\\YEAR 2\\Software Design\\GeoAssist\\client\\reactApp\\src\\components\\auth\\Signup.jsx": {"path":"C:\\School\\University - Ontario Tech\\YEAR 2\\Software Design\\GeoAssist\\client\\reactApp\\src\\components\\auth\\Signup.jsx","statementMap":{"0":{"start":{"line":13,"column":15},"end":{"line":166,"column":1}},"1":{"start":{"line":14,"column":28},"end":{"line":14,"column":40}},"2":{"start":{"line":15,"column":34},"end":{"line":15,"column":46}},"3":{"start":{"line":16,"column":48},"end":{"line":16,"column":60}},"4":{"start":{"line":17,"column":28},"end":{"line":17,"column":40}},"5":{"start":{"line":18,"column":40},"end":{"line":18,"column":55}},"6":{"start":{"line":19,"column":19},"end":{"line":19,"column":32}},"7":{"start":{"line":21,"column":25},"end":{"line":38,"column":3}},"8":{"start":{"line":22,"column":4},"end":{"line":37,"column":5}},"9":{"start":{"line":23,"column":6},"end":{"line":23,"column":27}},"10":{"start":{"line":24,"column":6},"end":{"line":36,"column":7}},"11":{"start":{"line":25,"column":31},"end":{"line":25,"column":57}},"12":{"start":{"line":26,"column":21},"end":{"line":26,"column":40}},"13":{"start":{"line":27,"column":8},"end":{"line":27,"column":51}},"14":{"start":{"line":28,"column":8},"end":{"line":28,"column":44}},"15":{"start":{"line":29,"column":8},"end":{"line":29,"column":57}},"16":{"start":{"line":30,"column":8},"end":{"line":30,"column":21}},"17":{"start":{"line":31,"column":8},"end":{"line":31,"column":22}},"18":{"start":{"line":33,"column":8},"end":{"line":33,"column":32}},"19":{"start":{"line":35,"column":8},"end":{"line":35,"column":30}},"20":{"start":{"line":40,"column":30},"end":{"line":57,"column":3}},"21":{"start":{"line":41,"column":4},"end":{"line":56,"column":5}},"22":{"start":{"line":42,"column":6},"end":{"line":42,"column":27}},"23":{"start":{"line":43,"column":6},"end":{"line":55,"column":7}},"24":{"start":{"line":44,"column":31},"end":{"line":44,"column":58}},"25":{"start":{"line":45,"column":21},"end":{"line":45,"column":40}},"26":{"start":{"line":46,"column":8},"end":{"line":46,"column":51}},"27":{"start":{"line":47,"column":8},"end":{"line":47,"column":44}},"28":{"start":{"line":48,"column":8},"end":{"line":48,"column":57}},"29":{"start":{"line":49,"column":8},"end":{"line":49,"column":21}},"30":{"start":{"line":50,"column":8},"end":{"line":50,"column":22}},"31":{"start":{"line":52,"column":8},"end":{"line":52,"column":32}},"32":{"start":{"line":54,"column":8},"end":{"line":54,"column":30}},"33":{"start":{"line":59,"column":19},"end":{"line":80,"column":3}},"34":{"start":{"line":60,"column":4},"end":{"line":60,"column":23}},"35":{"start":{"line":61,"column":4},"end":{"line":64,"column":5}},"36":{"start":{"line":62,"column":6},"end":{"line":62,"column":42}},"37":{"start":{"line":63,"column":6},"end":{"line":63,"column":13}},"38":{"start":{"line":65,"column":4},"end":{"line":65,"column":17}},"39":{"start":{"line":66,"column":4},"end":{"line":79,"column":9}},"40":{"start":{"line":68,"column":8},"end":{"line":74,"column":9}},"41":{"start":{"line":69,"column":10},"end":{"line":69,"column":42}},"42":{"start":{"line":71,"column":10},"end":{"line":71,"column":41}},"43":{"start":{"line":72,"column":10},"end":{"line":72,"column":36}},"44":{"start":{"line":73,"column":10},"end":{"line":73,"column":24}},"45":{"start":{"line":77,"column":8},"end":{"line":77,"column":55}},"46":{"start":{"line":78,"column":8},"end":{"line":78,"column":29}},"47":{"start":{"line":82,"column":2},"end":{"line":165,"column":4}},"48":{"start":{"line":104,"column":31},"end":{"line":104,"column":55}},"49":{"start":{"line":116,"column":31},"end":{"line":116,"column":58}},"50":{"start":{"line":128,"column":31},"end":{"line":128,"column":65}},"51":{"start":{"line":136,"column":29},"end":{"line":136,"column":47}}},"fnMap":{"0":{"name":"(anonymous_0)","decl":{"start":{"line":13,"column":15},"end":{"line":13,"column":16}},"loc":{"start":{"line":13,"column":21},"end":{"line":166,"column":1}},"line":13},"1":{"name":"(anonymous_1)","decl":{"start":{"line":21,"column":25},"end":{"line":21,"column":26}},"loc":{"start":{"line":21,"column":37},"end":{"line":38,"column":3}},"line":21},"2":{"name":"(anonymous_2)","decl":{"start":{"line":40,"column":30},"end":{"line":40,"column":31}},"loc":{"start":{"line":40,"column":42},"end":{"line":57,"column":3}},"line":40},"3":{"name":"(anonymous_3)","decl":{"start":{"line":59,"column":19},"end":{"line":59,"column":20}},"loc":{"start":{"line":59,"column":26},"end":{"line":80,"column":3}},"line":59},"4":{"name":"(anonymous_4)","decl":{"start":{"line":67,"column":12},"end":{"line":67,"column":13}},"loc":{"start":{"line":67,"column":24},"end":{"line":75,"column":7}},"line":67},"5":{"name":"(anonymous_5)","decl":{"start":{"line":76,"column":13},"end":{"line":76,"column":14}},"loc":{"start":{"line":76,"column":24},"end":{"line":79,"column":7}},"line":76},"6":{"name":"(anonymous_6)","decl":{"start":{"line":104,"column":24},"end":{"line":104,"column":25}},"loc":{"start":{"line":104,"column":31},"end":{"line":104,"column":55}},"line":104},"7":{"name":"(anonymous_7)","decl":{"start":{"line":116,"column":24},"end":{"line":116,"column":25}},"loc":{"start":{"line":116,"column":31},"end":{"line":116,"column":58}},"line":116},"8":{"name":"(anonymous_8)","decl":{"start":{"line":128,"column":24},"end":{"line":128,"column":25}},"loc":{"start":{"line":128,"column":31},"end":{"line":128,"column":65}},"line":128},"9":{"name":"(anonymous_9)","decl":{"start":{"line":136,"column":23},"end":{"line":136,"column":24}},"loc":{"start":{"line":136,"column":29},"end":{"line":136,"column":47}},"line":136}},"branchMap":{"0":{"loc":{"start":{"line":22,"column":4},"end":{"line":37,"column":5}},"type":"if","locations":[{"start":{"line":22,"column":4},"end":{"line":37,"column":5}},{"start":{},"end":{}}],"line":22},"1":{"loc":{"start":{"line":41,"column":4},"end":{"line":56,"column":5}},"type":"if","locations":[{"start":{"line":41,"column":4},"end":{"line":56,"column":5}},{"start":{},"end":{}}],"line":41},"2":{"loc":{"start":{"line":61,"column":4},"end":{"line":64,"column":5}},"type":"if","locations":[{"start":{"line":61,"column":4},"end":{"line":64,"column":5}},{"start":{},"end":{}}],"line":61},"3":{"loc":{"start":{"line":68,"column":8},"end":{"line":74,"column":9}},"type":"if","locations":[{"start":{"line":68,"column":8},"end":{"line":74,"column":9}},{"start":{"line":70,"column":15},"end":{"line":74,"column":9}}],"line":68},"4":{"loc":{"start":{"line":68,"column":12},"end":{"line":68,"column":65}},"type":"binary-expr","locations":[{"start":{"line":68,"column":12},"end":{"line":68,"column":18}},{"start":{"line":68,"column":22},"end":{"line":68,"column":65}}],"line":68},"5":{"loc":{"start":{"line":92,"column":9},"end":{"line":94,"column":9}},"type":"binary-expr","locations":[{"start":{"line":92,"column":9},"end":{"line":92,"column":14}},{"start":{"line":93,"column":10},"end":{"line":93,"column":74}}],"line":92}},"s":{"0":2,"1":7,"2":7,"3":7,"4":7,"5":7,"6":7,"7":7,"8":0,"9":0,"10":0,"11":0,"12":0,"13":0,"14":0,"15":0,"16":0,"17":0,"18":0,"19":0,"20":7,"21":0,"22":0,"23":0,"24":0,"25":0,"26":0,"27":0,"28":0,"29":0,"30":0,"31":0,"32":0,"33":7,"34":1,"35":1,"36":1,"37":1,"38":0,"39":0,"40":0,"41":0,"42":0,"43":0,"44":0,"45":0,"46":0,"47":7,"48":1,"49":1,"50":1,"51":0},"f":{"0":7,"1":0,"2":0,"3":1,"4":0,"5":0,"6":1,"7":1,"8":1,"9":0},"b":{"0":[0,0],"1":[0,0],"2":[1,0],"3":[0,0],"4":[0,0],"5":[7,1]},"_coverageSchema":"1a1c01bbd47fc00a2c39e90264f33305004495a9","hash":"51be62afe6e74e1975caeb16900430a8ced6c94c"}
,"C:\\School\\University - Ontario Tech\\YEAR 2\\Software Design\\GeoAssist\\client\\reactApp\\src\\components\\logic\\GooglePlacesSearch.js": {"path":"C:\\School\\University - Ontario Tech\\YEAR 2\\Software Design\\GeoAssist\\client\\reactApp\\src\\components\\logic\\GooglePlacesSearch.js","statementMap":{"0":{"start":{"line":4,"column":23},"end":{"line":4,"column":64}},"1":{"start":{"line":5,"column":24},"end":{"line":5,"column":76}},"2":{"start":{"line":7,"column":27},"end":{"line":71,"column":1}},"3":{"start":{"line":8,"column":30},"end":{"line":8,"column":42}},"4":{"start":{"line":9,"column":32},"end":{"line":9,"column":46}},"5":{"start":{"line":10,"column":28},"end":{"line":10,"column":42}},"6":{"start":{"line":12,"column":2},"end":{"line":40,"column":9}},"7":{"start":{"line":13,"column":24},"end":{"line":37,"column":5}},"8":{"start":{"line":14,"column":6},"end":{"line":36,"column":7}},"9":{"start":{"line":15,"column":25},"end":{"line":26,"column":10}},"10":{"start":{"line":27,"column":8},"end":{"line":29,"column":9}},"11":{"start":{"line":28,"column":10},"end":{"line":28,"column":52}},"12":{"start":{"line":30,"column":21},"end":{"line":30,"column":42}},"13":{"start":{"line":31,"column":8},"end":{"line":31,"column":37}},"14":{"start":{"line":33,"column":8},"end":{"line":33,"column":30}},"15":{"start":{"line":35,"column":8},"end":{"line":35,"column":26}},"16":{"start":{"line":39,"column":4},"end":{"line":39,"column":18}},"17":{"start":{"line":42,"column":2},"end":{"line":44,"column":3}},"18":{"start":{"line":43,"column":4},"end":{"line":43,"column":40}},"19":{"start":{"line":46,"column":2},"end":{"line":48,"column":3}},"20":{"start":{"line":47,"column":4},"end":{"line":47,"column":37}},"21":{"start":{"line":50,"column":2},"end":{"line":70,"column":4}},"22":{"start":{"line":55,"column":10},"end":{"line":66,"column":15}}},"fnMap":{"0":{"name":"(anonymous_0)","decl":{"start":{"line":7,"column":27},"end":{"line":7,"column":28}},"loc":{"start":{"line":7,"column":33},"end":{"line":71,"column":1}},"line":7},"1":{"name":"(anonymous_1)","decl":{"start":{"line":12,"column":12},"end":{"line":12,"column":13}},"loc":{"start":{"line":12,"column":18},"end":{"line":40,"column":3}},"line":12},"2":{"name":"(anonymous_2)","decl":{"start":{"line":13,"column":24},"end":{"line":13,"column":25}},"loc":{"start":{"line":13,"column":36},"end":{"line":37,"column":5}},"line":13},"3":{"name":"(anonymous_3)","decl":{"start":{"line":54,"column":20},"end":{"line":54,"column":21}},"loc":{"start":{"line":55,"column":10},"end":{"line":66,"column":15}},"line":55}},"branchMap":{"0":{"loc":{"start":{"line":27,"column":8},"end":{"line":29,"column":9}},"type":"if","locations":[{"start":{"line":27,"column":8},"end":{"line":29,"column":9}},{"start":{},"end":{}}],"line":27},"1":{"loc":{"start":{"line":31,"column":18},"end":{"line":31,"column":35}},"type":"binary-expr","locations":[{"start":{"line":31,"column":18},"end":{"line":31,"column":29}},{"start":{"line":31,"column":33},"end":{"line":31,"column":35}}],"line":31},"2":{"loc":{"start":{"line":42,"column":2},"end":{"line":44,"column":3}},"type":"if","locations":[{"start":{"line":42,"column":2},"end":{"line":44,"column":3}},{"start":{},"end":{}}],"line":42},"3":{"loc":{"start":{"line":46,"column":2},"end":{"line":48,"column":3}},"type":"if","locations":[{"start":{"line":46,"column":2},"end":{"line":48,"column":3}},{"start":{},"end":{}}],"line":46},"4":{"loc":{"start":{"line":59,"column":13},"end":{"line":65,"column":13}},"type":"binary-expr","locations":[{"start":{"line":59,"column":13},"end":{"line":59,"column":25}},{"start":{"line":59,"column":29},"end":{"line":59,"column":52}},{"start":{"line":60,"column":14},"end":{"line":64,"column":16}}],"line":59}},"s":{"0":0,"1":0,"2":0,"3":0,"4":0,"5":0,"6":0,"7":0,"8":0,"9":0,"10":0,"11":0,"12":0,"13":0,"14":0,"15":0,"16":0,"17":0,"18":0,"19":0,"20":0,"21":0,"22":0},"f":{"0":0,"1":0,"2":0,"3":0},"b":{"0":[0,0],"1":[0,0],"2":[0,0],"3":[0,0],"4":[0,0,0]}}
,"C:\\School\\University - Ontario Tech\\YEAR 2\\Software Design\\GeoAssist\\client\\reactApp\\src\\components\\tests\\mocks\\firebase.js": {"path":"C:\\School\\University - Ontario Tech\\YEAR 2\\Software Design\\GeoAssist\\client\\reactApp\\src\\components\\tests\\mocks\\firebase.js","statementMap":{"0":{"start":{"line":2,"column":23},"end":{"line":2,"column":32}},"1":{"start":{"line":3,"column":16},"end":{"line":3,"column":25}},"2":{"start":{"line":4,"column":19},"end":{"line":4,"column":28}},"3":{"start":{"line":5,"column":20},"end":{"line":5,"column":29}},"4":{"start":{"line":6,"column":22},"end":{"line":6,"column":31}},"5":{"start":{"line":7,"column":22},"end":{"line":7,"column":31}},"6":{"start":{"line":8,"column":23},"end":{"line":8,"column":32}},"7":{"start":{"line":11,"column":17},"end":{"line":15,"column":1}},"8":{"start":{"line":17,"column":43},"end":{"line":17,"column":52}},"9":{"start":{"line":18,"column":39},"end":{"line":18,"column":48}},"10":{"start":{"line":19,"column":20},"end":{"line":19,"column":29}},"11":{"start":{"line":20,"column":35},"end":{"line":20,"column":44}},"12":{"start":{"line":22,"column":13},"end":{"line":28,"column":1}},"13":{"start":{"line":31,"column":11},"end":{"line":31,"column":13}},"14":{"start":{"line":46,"column":26},"end":{"line":46,"column":40}},"15":{"start":{"line":47,"column":19},"end":{"line":47,"column":26}},"16":{"start":{"line":48,"column":22},"end":{"line":48,"column":32}},"17":{"start":{"line":49,"column":23},"end":{"line":49,"column":34}},"18":{"start":{"line":50,"column":25},"end":{"line":50,"column":38}},"19":{"start":{"line":51,"column":25},"end":{"line":51,"column":38}},"20":{"start":{"line":52,"column":26},"end":{"line":52,"column":40}}},"fnMap":{},"branchMap":{},"s":{"0":2,"1":2,"2":2,"3":2,"4":2,"5":2,"6":2,"7":2,"8":2,"9":2,"10":2,"11":2,"12":2,"13":2,"14":2,"15":2,"16":2,"17":2,"18":2,"19":2,"20":2},"f":{},"b":{},"_coverageSchema":"1a1c01bbd47fc00a2c39e90264f33305004495a9","hash":"22158e6265150f4943633af650856cd328215be5"}
,"C:\\School\\University - Ontario Tech\\YEAR 2\\Software Design\\GeoAssist\\client\\reactApp\\src\\components\\tests\\mocks\\googlePlaces.js": {"path":"C:\\School\\University - Ontario Tech\\YEAR 2\\Software Design\\GeoAssist\\client\\reactApp\\src\\components\\tests\\mocks\\googlePlaces.js","statementMap":{"0":{"start":{"line":3,"column":40},"end":{"line":56,"column":1}},"1":{"start":{"line":58,"column":37},"end":{"line":60,"column":46}}},"fnMap":{},"branchMap":{},"s":{"0":0,"1":0},"f":{},"b":{}}
,"C:\\School\\University - Ontario Tech\\YEAR 2\\Software Design\\GeoAssist\\client\\reactApp\\src\\components\\tests\\mocks\\locationData.js": {"path":"C:\\School\\University - Ontario Tech\\YEAR 2\\Software Design\\GeoAssist\\client\\reactApp\\src\\components\\tests\\mocks\\locationData.js","statementMap":{"0":{"start":{"line":3,"column":29},"end":{"line":57,"column":1}},"1":{"start":{"line":59,"column":31},"end":{"line":80,"column":1}}},"fnMap":{},"branchMap":{},"s":{"0":1,"1":1},"f":{},"b":{},"_coverageSchema":"1a1c01bbd47fc00a2c39e90264f33305004495a9","hash":"2b54692e858d8b131c16bd9234c853546da9c5f5"}
,"C:\\School\\University - Ontario Tech\\YEAR 2\\Software Design\\GeoAssist\\client\\reactApp\\src\\components\\tests\\mocks\\mockData.js": {"path":"C:\\School\\University - Ontario Tech\\YEAR 2\\Software Design\\GeoAssist\\client\\reactApp\\src\\components\\tests\\mocks\\mockData.js","statementMap":{"0":{"start":{"line":2,"column":29},"end":{"line":57,"column":1}}},"fnMap":{},"branchMap":{},"s":{"0":1},"f":{},"b":{},"_coverageSchema":"1a1c01bbd47fc00a2c39e90264f33305004495a9","hash":"07161320cf631e1927115788ffa8fed863dea8c2"}
,"C:\\School\\University - Ontario Tech\\YEAR 2\\Software Design\\GeoAssist\\client\\reactApp\\src\\contexts\\authContext\\index.jsx": {"path":"C:\\School\\University - Ontario Tech\\YEAR 2\\Software Design\\GeoAssist\\client\\reactApp\\src\\contexts\\authContext\\index.jsx","statementMap":{"0":{"start":{"line":6,"column":20},"end":{"line":6,"column":39}},"1":{"start":{"line":10,"column":2},"end":{"line":10,"column":33}},"2":{"start":{"line":14,"column":40},"end":{"line":14,"column":54}},"3":{"start":{"line":15,"column":42},"end":{"line":15,"column":57}},"4":{"start":{"line":16,"column":32},"end":{"line":16,"column":46}},"5":{"start":{"line":18,"column":2},"end":{"line":21,"column":9}},"6":{"start":{"line":19,"column":24},"end":{"line":19,"column":64}},"7":{"start":{"line":20,"column":4},"end":{"line":20,"column":23}},"8":{"start":{"line":24,"column":4},"end":{"line":41,"column":5}},"9":{"start":{"line":26,"column":26},"end":{"line":30,"column":7}},"10":{"start":{"line":32,"column":26},"end":{"line":35,"column":7}},"11":{"start":{"line":36,"column":6},"end":{"line":36,"column":34}},"12":{"start":{"line":37,"column":6},"end":{"line":37,"column":28}},"13":{"start":{"line":39,"column":6},"end":{"line":39,"column":27}},"14":{"start":{"line":40,"column":6},"end":{"line":40,"column":29}},"15":{"start":{"line":42,"column":4},"end":{"line":42,"column":22}},"16":{"start":{"line":45,"column":16},"end":{"line":49,"column":3}},"17":{"start":{"line":51,"column":2},"end":{"line":55,"column":4}}},"fnMap":{"0":{"name":"useAuth","decl":{"start":{"line":9,"column":16},"end":{"line":9,"column":23}},"loc":{"start":{"line":9,"column":26},"end":{"line":11,"column":1}},"line":9},"1":{"name":"AuthProvider","decl":{"start":{"line":13,"column":16},"end":{"line":13,"column":28}},"loc":{"start":{"line":13,"column":43},"end":{"line":56,"column":1}},"line":13},"2":{"name":"(anonymous_2)","decl":{"start":{"line":18,"column":12},"end":{"line":18,"column":13}},"loc":{"start":{"line":18,"column":18},"end":{"line":21,"column":3}},"line":18},"3":{"name":"initializeUser","decl":{"start":{"line":23,"column":17},"end":{"line":23,"column":31}},"loc":{"start":{"line":23,"column":38},"end":{"line":43,"column":3}},"line":23}},"branchMap":{"0":{"loc":{"start":{"line":24,"column":4},"end":{"line":41,"column":5}},"type":"if","locations":[{"start":{"line":24,"column":4},"end":{"line":41,"column":5}},{"start":{"line":38,"column":11},"end":{"line":41,"column":5}}],"line":24},"1":{"loc":{"start":{"line":53,"column":7},"end":{"line":53,"column":27}},"type":"binary-expr","locations":[{"start":{"line":53,"column":7},"end":{"line":53,"column":15}},{"start":{"line":53,"column":19},"end":{"line":53,"column":27}}],"line":53}},"s":{"0":0,"1":0,"2":0,"3":0,"4":0,"5":0,"6":0,"7":0,"8":0,"9":0,"10":0,"11":0,"12":0,"13":0,"14":0,"15":0,"16":0,"17":0},"f":{"0":0,"1":0,"2":0,"3":0},"b":{"0":[0,0],"1":[0,0]}}
,"C:\\School\\University - Ontario Tech\\YEAR 2\\Software Design\\GeoAssist\\client\\reactApp\\src\\firebase\\auth.js": {"path":"C:\\School\\University - Ontario Tech\\YEAR 2\\Software Design\\GeoAssist\\client\\reactApp\\src\\firebase\\auth.js","statementMap":{"0":{"start":{"line":14,"column":48},"end":{"line":16,"column":1}},"1":{"start":{"line":15,"column":2},"end":{"line":15,"column":63}},"2":{"start":{"line":18,"column":35},"end":{"line":20,"column":1}},"3":{"start":{"line":19,"column":2},"end":{"line":19,"column":33}},"4":{"start":{"line":22,"column":44},"end":{"line":24,"column":1}},"5":{"start":{"line":23,"column":2},"end":{"line":23,"column":59}},"6":{"start":{"line":26,"column":34},"end":{"line":31,"column":1}},"7":{"start":{"line":27,"column":19},"end":{"line":27,"column":43}},"8":{"start":{"line":28,"column":17},"end":{"line":28,"column":54}},"9":{"start":{"line":30,"column":2},"end":{"line":30,"column":16}},"10":{"start":{"line":33,"column":25},"end":{"line":35,"column":1}},"11":{"start":{"line":34,"column":2},"end":{"line":34,"column":23}},"12":{"start":{"line":37,"column":31},"end":{"line":39,"column":1}},"13":{"start":{"line":38,"column":2},"end":{"line":38,"column":45}},"14":{"start":{"line":41,"column":32},"end":{"line":43,"column":1}},"15":{"start":{"line":42,"column":2},"end":{"line":42,"column":52}},"16":{"start":{"line":45,"column":39},"end":{"line":47,"column":1}},"17":{"start":{"line":46,"column":2},"end":{"line":46,"column":49}}},"fnMap":{"0":{"name":"(anonymous_0)","decl":{"start":{"line":14,"column":48},"end":{"line":14,"column":49}},"loc":{"start":{"line":14,"column":75},"end":{"line":16,"column":1}},"line":14},"1":{"name":"(anonymous_1)","decl":{"start":{"line":18,"column":35},"end":{"line":18,"column":36}},"loc":{"start":{"line":18,"column":47},"end":{"line":20,"column":1}},"line":18},"2":{"name":"(anonymous_2)","decl":{"start":{"line":22,"column":44},"end":{"line":22,"column":45}},"loc":{"start":{"line":22,"column":71},"end":{"line":24,"column":1}},"line":22},"3":{"name":"(anonymous_3)","decl":{"start":{"line":26,"column":34},"end":{"line":26,"column":35}},"loc":{"start":{"line":26,"column":46},"end":{"line":31,"column":1}},"line":26},"4":{"name":"(anonymous_4)","decl":{"start":{"line":33,"column":25},"end":{"line":33,"column":26}},"loc":{"start":{"line":33,"column":37},"end":{"line":35,"column":1}},"line":33},"5":{"name":"(anonymous_5)","decl":{"start":{"line":37,"column":31},"end":{"line":37,"column":32}},"loc":{"start":{"line":37,"column":48},"end":{"line":39,"column":1}},"line":37},"6":{"name":"(anonymous_6)","decl":{"start":{"line":41,"column":32},"end":{"line":41,"column":33}},"loc":{"start":{"line":41,"column":52},"end":{"line":43,"column":1}},"line":41},"7":{"name":"(anonymous_7)","decl":{"start":{"line":45,"column":39},"end":{"line":45,"column":40}},"loc":{"start":{"line":45,"column":51},"end":{"line":47,"column":1}},"line":45}},"branchMap":{},"s":{"0":4,"1":0,"2":4,"3":0,"4":4,"5":0,"6":4,"7":0,"8":0,"9":0,"10":4,"11":0,"12":4,"13":0,"14":4,"15":0,"16":4,"17":0},"f":{"0":0,"1":0,"2":0,"3":0,"4":0,"5":0,"6":0,"7":0},"b":{},"_coverageSchema":"1a1c01bbd47fc00a2c39e90264f33305004495a9","hash":"4edd860262c7929bfc163602e916c2a63d07bf79"}
,"C:\\School\\University - Ontario Tech\\YEAR 2\\Software Design\\GeoAssist\\client\\reactApp\\src\\firebase\\firebase.js": {"path":"C:\\School\\University - Ontario Tech\\YEAR 2\\Software Design\\GeoAssist\\client\\reactApp\\src\\firebase\\firebase.js","statementMap":{"0":{"start":{"line":8,"column":23},"end":{"line":16,"column":1}},"1":{"start":{"line":19,"column":12},"end":{"line":19,"column":41}},"2":{"start":{"line":21,"column":11},"end":{"line":21,"column":28}},"3":{"start":{"line":24,"column":0},"end":{"line":34,"column":1}},"4":{"start":{"line":25,"column":2},"end":{"line":33,"column":7}},"5":{"start":{"line":27,"column":6},"end":{"line":29,"column":7}},"6":{"start":{"line":28,"column":8},"end":{"line":28,"column":26}},"7":{"start":{"line":32,"column":6},"end":{"line":32,"column":64}},"8":{"start":{"line":36,"column":13},"end":{"line":36,"column":25}}},"fnMap":{"0":{"name":"(anonymous_0)","decl":{"start":{"line":26,"column":10},"end":{"line":26,"column":11}},"loc":{"start":{"line":26,"column":25},"end":{"line":30,"column":5}},"line":26},"1":{"name":"(anonymous_1)","decl":{"start":{"line":31,"column":11},"end":{"line":31,"column":12}},"loc":{"start":{"line":31,"column":20},"end":{"line":33,"column":5}},"line":31}},"branchMap":{"0":{"loc":{"start":{"line":24,"column":0},"end":{"line":34,"column":1}},"type":"if","locations":[{"start":{"line":24,"column":0},"end":{"line":34,"column":1}},{"start":{},"end":{}}],"line":24},"1":{"loc":{"start":{"line":24,"column":4},"end":{"line":24,"column":68}},"type":"binary-expr","locations":[{"start":{"line":24,"column":4},"end":{"line":24,"column":35}},{"start":{"line":24,"column":39},"end":{"line":24,"column":68}}],"line":24},"2":{"loc":{"start":{"line":27,"column":6},"end":{"line":29,"column":7}},"type":"if","locations":[{"start":{"line":27,"column":6},"end":{"line":29,"column":7}},{"start":{},"end":{}}],"line":27}},"s":{"0":0,"1":0,"2":0,"3":0,"4":0,"5":0,"6":0,"7":0,"8":0},"f":{"0":0,"1":0},"b":{"0":[0,0],"1":[0,0],"2":[0,0]}}
}
