TN:
SF:src\App.jsx
FN:9,App
FNF:1
FNH:1
FNDA:1,App
DA:10,1
LF:1
LH:1
BRF:0
BRH:0
end_of_record
TN:
SF:src\Item.jsx
FN:5,Item
FN:12,(anonymous_1)
FN:29,(anonymous_2)
FN:30,(anonymous_3)
FN:42,(anonymous_4)
FN:48,(anonymous_5)
FN:53,(anonymous_6)
FN:65,(anonymous_7)
FNF:8
FNH:0
FNDA:0,Item
FNDA:0,(anonymous_1)
FNDA:0,(anonymous_2)
FNDA:0,(anonymous_3)
FNDA:0,(anonymous_4)
FNDA:0,(anonymous_5)
FNDA:0,(anonymous_6)
FNDA:0,(anonymous_7)
DA:6,0
DA:7,0
DA:8,0
DA:9,0
DA:10,0
DA:12,0
DA:13,0
DA:14,0
DA:15,0
DA:16,0
DA:18,0
DA:19,0
DA:21,0
DA:28,0
DA:29,0
DA:31,0
DA:35,0
DA:42,0
DA:48,0
DA:53,0
DA:65,0
LF:21
LH:0
BRDA:13,0,0,0
BRDA:13,0,1,0
BRDA:13,1,0,0
BRDA:13,1,1,0
BRDA:13,1,2,0
BRDA:37,2,0,0
BRDA:37,2,1,0
BRF:7
BRH:0
end_of_record
TN:
SF:src\main.jsx
FNF:0
FNH:0
DA:7,0
LF:1
LH:0
BRF:0
BRH:0
end_of_record
TN:
SF:src\components\Card.jsx
FN:6,Card
FN:24,(anonymous_1)
FN:52,(anonymous_2)
FNF:3
FNH:3
FNDA:19,Card
FNDA:2,(anonymous_1)
FNDA:1,(anonymous_2)
DA:22,19
DA:24,19
DA:25,2
DA:42,2
DA:45,19
DA:53,1
LF:6
LH:6
BRDA:57,0,0,19
BRDA:57,0,1,19
BRF:2
BRH:2
end_of_record
TN:
SF:src\components\Filters.jsx
FN:2,Filters
FN:9,(anonymous_1)
FN:12,(anonymous_2)
FNF:3
FNH:3
FNDA:12,Filters
FNDA:36,(anonymous_1)
FNDA:4,(anonymous_2)
DA:7,12
DA:10,36
DA:12,4
LF:3
LH:3
BRDA:3,0,0,12
BRDA:14,1,0,12
BRDA:14,1,1,24
BRF:3
BRH:3
end_of_record
TN:
SF:src\components\Footer.jsx
FN:1,Footer
FNF:1
FNH:1
FNDA:12,Footer
DA:2,12
LF:1
LH:1
BRF:0
BRH:0
end_of_record
TN:
SF:src\components\Hero.jsx
FN:15,Hero
FN:19,(anonymous_1)
FN:35,(anonymous_2)
FN:65,(anonymous_3)
FN:93,(anonymous_4)
FN:99,(anonymous_5)
FN:108,(anonymous_6)
FN:131,(anonymous_7)
FN:136,(anonymous_8)
FN:142,(anonymous_9)
FN:145,(anonymous_10)
FN:158,(anonymous_11)
FN:193,(anonymous_12)
FN:194,(anonymous_13)
FN:214,(anonymous_14)
FNF:15
FNH:13
FNDA:14,Hero
FNDA:12,(anonymous_1)
FNDA:3,(anonymous_2)
FNDA:3,(anonymous_3)
FNDA:3,(anonymous_4)
FNDA:6,(anonymous_5)
FNDA:6,(anonymous_6)
FNDA:3,(anonymous_7)
FNDA:7,(anonymous_8)
FNDA:6,(anonymous_9)
FNDA:3,(anonymous_10)
FNDA:0,(anonymous_11)
FNDA:2,(anonymous_12)
FNDA:0,(anonymous_13)
FNDA:14,(anonymous_14)
DA:12,2
DA:13,2
DA:16,14
DA:17,14
DA:19,14
DA:20,12
DA:21,10
DA:26,14
DA:27,14
DA:28,14
DA:29,14
DA:30,14
DA:32,14
DA:35,14
DA:36,3
DA:37,3
DA:38,3
DA:40,3
DA:42,3
DA:45,3
DA:48,3
DA:54,3
DA:55,3
DA:57,0
DA:58,0
DA:60,3
DA:65,14
DA:66,3
DA:67,3
DA:78,3
DA:79,0
DA:82,3
DA:83,3
DA:85,3
DA:87,0
DA:88,0
DA:93,14
DA:94,3
DA:95,3
DA:96,3
DA:99,6
DA:107,3
DA:108,3
DA:109,6
DA:123,3
DA:124,3
DA:126,0
DA:127,0
DA:131,14
DA:132,3
DA:136,14
DA:137,7
DA:139,7
DA:142,6
DA:145,1
DA:148,3
DA:151,3
DA:154,3
DA:158,0
DA:159,0
DA:160,0
DA:161,0
DA:165,5
DA:169,14
DA:193,2
DA:195,0
DA:196,0
DA:197,0
DA:216,14
DA:218,8
DA:243,6
LF:71
LH:57
BRDA:20,0,0,10
BRDA:20,0,1,2
BRDA:36,1,0,0
BRDA:36,1,1,3
BRDA:78,2,0,0
BRDA:78,2,1,3
BRDA:85,3,0,3
BRDA:85,3,1,0
BRDA:110,4,0,6
BRDA:110,4,1,6
BRDA:110,4,2,0
BRDA:110,4,3,0
BRDA:110,4,4,0
BRDA:110,4,5,0
BRDA:110,4,6,0
BRDA:110,4,7,0
BRDA:110,4,8,0
BRDA:110,4,9,0
BRDA:139,5,0,1
BRDA:139,5,1,1
BRDA:139,5,2,0
BRDA:139,5,3,5
BRDA:139,5,4,5
BRDA:142,6,0,6
BRDA:142,6,1,0
BRDA:142,7,0,6
BRDA:142,7,1,0
BRDA:148,8,0,1
BRDA:148,8,1,2
BRDA:149,9,0,1
BRDA:149,9,1,1
BRDA:150,10,0,2
BRDA:150,10,1,2
BRDA:151,11,0,2
BRDA:151,11,1,1
BRDA:152,12,0,2
BRDA:152,12,1,2
BRDA:153,13,0,1
BRDA:153,13,1,1
BRDA:159,14,0,0
BRDA:159,14,1,0
BRDA:159,15,0,0
BRDA:159,15,1,0
BRDA:160,16,0,0
BRDA:160,16,1,0
BRDA:160,17,0,0
BRDA:160,17,1,0
BRDA:172,18,0,14
BRDA:172,18,1,2
BRDA:174,19,0,2
BRDA:174,19,1,0
BRDA:195,20,0,0
BRDA:195,20,1,0
BRDA:208,21,0,14
BRDA:208,21,1,7
BRDA:209,22,0,14
BRDA:209,22,1,0
BRDA:212,23,0,4
BRDA:212,23,1,10
BRDA:216,24,0,8
BRDA:216,24,1,6
BRDA:222,25,0,8
BRDA:222,25,1,0
BRDA:223,26,0,8
BRDA:223,26,1,0
BRDA:226,27,0,8
BRDA:226,27,1,0
BRDA:248,28,0,6
BRDA:248,28,1,6
BRDA:251,29,0,0
BRDA:251,29,1,6
BRDA:251,30,0,6
BRDA:251,30,1,0
BRDA:260,31,0,0
BRDA:260,31,1,6
BRF:75
BRH:43
end_of_record
TN:
SF:src\components\InputBar.jsx
FN:2,InputBar
FNF:1
FNH:1
FNDA:12,InputBar
DA:11,12
LF:1
LH:1
BRDA:3,0,0,0
BRDA:4,1,0,12
BRDA:5,2,0,12
BRDA:6,3,0,0
BRF:4
BRH:2
end_of_record
TN:
SF:src\components\Navbar.jsx
FN:6,Navbar
FNF:1
FNH:1
FNDA:12,Navbar
DA:7,12
LF:1
LH:1
BRDA:20,0,0,12
BRDA:20,0,1,2
BRDA:20,0,2,0
BRF:3
BRH:2
end_of_record
TN:
SF:src\components\View.jsx
FN:14,View
FN:82,(anonymous_1)
FN:108,(anonymous_2)
FNF:3
FNH:2
FNDA:7,View
FNDA:1,(anonymous_1)
FNDA:0,(anonymous_2)
DA:16,7
DA:19,7
DA:20,7
DA:35,7
DA:39,7
DA:42,7
DA:43,7
DA:44,7
DA:45,7
DA:47,7
DA:48,35
DA:50,28
DA:58,7
DA:60,7
DA:70,0
DA:82,7
DA:83,1
DA:86,7
DA:109,0
DA:110,0
LF:20
LH:17
BRDA:20,0,0,7
BRDA:20,0,1,0
BRDA:24,1,0,0
BRDA:25,2,0,0
BRDA:26,3,0,0
BRDA:27,4,0,0
BRDA:28,5,0,0
BRDA:29,6,0,0
BRDA:30,7,0,0
BRDA:31,8,0,0
BRDA:32,9,0,0
BRDA:33,10,0,0
BRDA:34,11,0,0
BRDA:39,12,0,7
BRDA:39,12,1,0
BRDA:43,13,0,7
BRDA:43,13,1,0
BRDA:48,14,0,28
BRDA:48,14,1,7
BRDA:58,15,0,7
BRDA:58,15,1,0
BRDA:58,16,0,7
BRDA:58,16,1,7
BRDA:102,17,0,6
BRDA:102,17,1,1
BRDA:102,18,0,7
BRDA:102,18,1,6
BRDA:126,19,0,7
BRDA:126,19,1,0
BRDA:140,20,0,1
BRDA:140,20,1,6
BRDA:143,21,0,7
BRDA:143,21,1,0
BRDA:143,22,0,7
BRDA:143,22,1,7
BRDA:147,23,0,7
BRDA:147,23,1,0
BRDA:155,24,0,7
BRDA:155,24,1,0
BRDA:163,25,0,7
BRDA:163,25,1,0
BRDA:171,26,0,7
BRDA:171,26,1,0
BRDA:179,27,0,7
BRDA:179,27,1,0
BRDA:187,28,0,7
BRDA:187,28,1,0
BRDA:195,29,0,7
BRDA:195,29,1,0
BRDA:222,30,0,7
BRDA:222,30,1,7
BRDA:233,31,0,7
BRDA:233,31,1,7
BRF:53
BRH:29
end_of_record
TN:
SF:src\components\admin\Admin.jsx
FN:22,Admin
FN:70,(anonymous_1)
FN:71,(anonymous_2)
FN:75,(anonymous_3)
FN:96,(anonymous_4)
FN:99,(anonymous_5)
FN:142,(anonymous_6)
FN:145,(anonymous_7)
FN:153,(anonymous_8)
FN:159,(anonymous_9)
FN:182,(anonymous_10)
FN:212,(anonymous_11)
FN:234,(anonymous_12)
FN:299,(anonymous_13)
FN:309,(anonymous_14)
FN:326,(anonymous_15)
FN:343,(anonymous_16)
FN:360,(anonymous_17)
FN:377,(anonymous_18)
FN:394,(anonymous_19)
FN:422,(anonymous_20)
FN:450,(anonymous_21)
FN:473,(anonymous_22)
FN:493,(anonymous_23)
FN:516,(anonymous_24)
FN:525,(anonymous_25)
FN:531,(anonymous_26)
FN:539,(anonymous_27)
FN:561,(anonymous_28)
FN:573,(anonymous_29)
FN:611,(anonymous_30)
FN:626,(anonymous_31)
FN:639,(anonymous_32)
FN:655,(anonymous_33)
FN:672,(anonymous_34)
FN:681,(anonymous_35)
FN:695,(anonymous_36)
FN:704,(anonymous_37)
FN:718,(anonymous_38)
FN:727,(anonymous_39)
FN:739,(anonymous_40)
FN:753,(anonymous_41)
FN:765,(anonymous_42)
FN:785,(anonymous_43)
FN:794,(anonymous_44)
FN:820,(anonymous_45)
FNF:46
FNH:6
FNDA:15,Admin
FNDA:7,(anonymous_1)
FNDA:7,(anonymous_2)
FNDA:14,(anonymous_3)
FNDA:0,(anonymous_4)
FNDA:0,(anonymous_5)
FNDA:0,(anonymous_6)
FNDA:0,(anonymous_7)
FNDA:0,(anonymous_8)
FNDA:0,(anonymous_9)
FNDA:0,(anonymous_10)
FNDA:0,(anonymous_11)
FNDA:0,(anonymous_12)
FNDA:10,(anonymous_13)
FNDA:0,(anonymous_14)
FNDA:0,(anonymous_15)
FNDA:0,(anonymous_16)
FNDA:0,(anonymous_17)
FNDA:0,(anonymous_18)
FNDA:0,(anonymous_19)
FNDA:0,(anonymous_20)
FNDA:0,(anonymous_21)
FNDA:0,(anonymous_22)
FNDA:0,(anonymous_23)
FNDA:0,(anonymous_24)
FNDA:0,(anonymous_25)
FNDA:0,(anonymous_26)
FNDA:0,(anonymous_27)
FNDA:0,(anonymous_28)
FNDA:0,(anonymous_29)
FNDA:0,(anonymous_30)
FNDA:0,(anonymous_31)
FNDA:0,(anonymous_32)
FNDA:0,(anonymous_33)
FNDA:0,(anonymous_34)
FNDA:0,(anonymous_35)
FNDA:0,(anonymous_36)
FNDA:0,(anonymous_37)
FNDA:0,(anonymous_38)
FNDA:0,(anonymous_39)
FNDA:0,(anonymous_40)
FNDA:0,(anonymous_41)
FNDA:0,(anonymous_42)
FNDA:35,(anonymous_43)
FNDA:0,(anonymous_44)
FNDA:0,(anonymous_45)
DA:23,15
DA:24,15
DA:25,13
DA:26,13
DA:29,13
DA:45,13
DA:46,13
DA:62,13
DA:63,13
DA:70,13
DA:71,7
DA:72,7
DA:73,7
DA:74,7
DA:75,14
DA:79,7
DA:81,0
DA:83,7
DA:87,7
DA:91,13
DA:92,3
DA:96,10
DA:99,10
DA:101,0
DA:105,0
DA:106,0
DA:107,0
DA:110,0
DA:112,0
DA:117,0
DA:118,0
DA:121,0
DA:135,0
DA:137,0
DA:142,10
DA:143,0
DA:144,0
DA:145,0
DA:146,0
DA:148,0
DA:153,10
DA:154,0
DA:155,0
DA:159,10
DA:161,0
DA:165,0
DA:166,0
DA:167,0
DA:170,0
DA:172,0
DA:177,0
DA:178,0
DA:181,0
DA:183,0
DA:190,0
DA:191,0
DA:205,0
DA:207,0
DA:212,10
DA:213,0
DA:215,0
DA:216,0
DA:217,0
DA:218,0
DA:221,0
DA:222,0
DA:228,0
DA:229,0
DA:233,0
DA:235,0
DA:240,0
DA:241,0
DA:242,0
DA:244,0
DA:248,10
DA:300,10
DA:310,0
DA:327,0
DA:344,0
DA:361,0
DA:378,0
DA:395,0
DA:423,0
DA:451,0
DA:474,0
DA:494,0
DA:495,0
DA:516,0
DA:525,0
DA:532,0
DA:539,0
DA:562,0
DA:574,0
DA:578,0
DA:582,0
DA:612,0
DA:627,0
DA:640,0
DA:655,0
DA:673,0
DA:682,0
DA:696,0
DA:705,0
DA:719,0
DA:728,0
DA:740,0
DA:754,0
DA:766,0
DA:786,35
DA:795,0
DA:796,0
DA:801,0
DA:821,0
LF:113
LH:29
BRDA:91,0,0,3
BRDA:91,0,1,10
BRDA:91,1,0,13
BRDA:91,1,1,13
BRDA:96,2,0,0
BRDA:96,2,1,0
BRDA:105,3,0,0
BRDA:105,3,1,0
BRDA:165,4,0,0
BRDA:165,4,1,0
BRDA:183,5,0,0
BRDA:183,5,1,0
BRDA:213,6,0,0
BRDA:213,6,1,0
BRDA:216,7,0,0
BRDA:216,7,1,0
BRDA:235,8,0,0
BRDA:235,8,1,0
BRDA:236,9,0,0
BRDA:236,9,1,0
BRDA:275,10,0,10
BRDA:275,10,1,0
BRDA:276,11,0,5
BRDA:276,11,1,5
BRDA:305,12,0,0
BRDA:305,12,1,10
BRDA:322,13,0,0
BRDA:322,13,1,10
BRDA:339,14,0,0
BRDA:339,14,1,10
BRDA:342,15,0,0
BRDA:342,15,1,0
BRDA:352,16,0,10
BRDA:352,16,1,0
BRDA:356,17,0,0
BRDA:356,17,1,10
BRDA:359,18,0,0
BRDA:359,18,1,0
BRDA:369,19,0,10
BRDA:369,19,1,0
BRDA:373,20,0,0
BRDA:373,20,1,10
BRDA:376,21,0,0
BRDA:376,21,1,0
BRDA:386,22,0,10
BRDA:386,22,1,0
BRDA:390,23,0,0
BRDA:390,23,1,10
BRDA:393,24,0,0
BRDA:393,24,1,0
BRDA:408,25,0,10
BRDA:408,25,1,0
BRDA:413,26,0,10
BRDA:413,26,1,0
BRDA:418,27,0,0
BRDA:418,27,1,10
BRDA:421,28,0,0
BRDA:421,28,1,0
BRDA:436,29,0,10
BRDA:436,29,1,0
BRDA:441,30,0,10
BRDA:441,30,1,0
BRDA:446,31,0,0
BRDA:446,31,1,10
BRDA:458,32,0,10
BRDA:458,32,1,0
BRDA:469,33,0,0
BRDA:469,33,1,10
BRDA:486,34,0,0
BRDA:486,34,1,10
BRDA:494,35,0,0
BRDA:494,35,1,0
BRDA:507,36,0,0
BRDA:507,36,1,10
BRDA:547,37,0,10
BRDA:547,37,1,0
BRDA:570,38,0,0
BRDA:570,38,1,0
BRDA:575,39,0,0
BRDA:575,39,1,0
BRDA:579,40,0,0
BRDA:579,40,1,0
BRDA:601,41,0,5
BRDA:601,41,1,0
BRDA:629,42,0,0
BRDA:629,42,1,0
BRDA:793,43,0,35
BRDA:793,43,1,35
BRDA:796,44,0,0
BRDA:796,44,1,0
BRDA:823,45,0,0
BRDA:823,45,1,0
BRF:92
BRH:30
end_of_record
TN:
SF:src\components\auth\Login.jsx
FN:13,(anonymous_0)
FN:22,(anonymous_1)
FN:43,(anonymous_2)
FN:62,(anonymous_3)
FN:104,(anonymous_4)
FN:116,(anonymous_5)
FN:124,(anonymous_6)
FNF:7
FNH:1
FNDA:2,(anonymous_0)
FNDA:0,(anonymous_1)
FNDA:0,(anonymous_2)
FNDA:0,(anonymous_3)
FNDA:0,(anonymous_4)
FNDA:0,(anonymous_5)
FNDA:0,(anonymous_6)
DA:13,2
DA:14,2
DA:16,2
DA:17,2
DA:18,2
DA:19,2
DA:20,2
DA:22,2
DA:23,0
DA:25,0
DA:26,0
DA:27,0
DA:28,0
DA:32,0
DA:33,0
DA:34,0
DA:36,0
DA:38,0
DA:43,2
DA:44,0
DA:46,0
DA:47,0
DA:48,0
DA:49,0
DA:50,0
DA:51,0
DA:52,0
DA:53,0
DA:55,0
DA:57,0
DA:62,2
DA:63,0
DA:64,0
DA:65,0
DA:66,0
DA:67,0
DA:68,0
DA:69,0
DA:70,0
DA:71,0
DA:72,0
DA:74,0
DA:76,0
DA:81,2
DA:104,0
DA:116,0
DA:124,0
LF:47
LH:11
BRDA:25,0,0,0
BRDA:25,0,1,0
BRDA:44,1,0,0
BRDA:44,1,1,0
BRDA:63,2,0,0
BRDA:63,2,1,0
BRDA:92,3,0,2
BRDA:92,3,1,0
BRDA:135,4,0,0
BRDA:135,4,1,2
BRF:10
BRH:2
end_of_record
TN:
SF:src\components\auth\Signup.jsx
FN:13,(anonymous_0)
FN:21,(anonymous_1)
FN:40,(anonymous_2)
FN:59,(anonymous_3)
FN:67,(anonymous_4)
FN:76,(anonymous_5)
FN:104,(anonymous_6)
FN:116,(anonymous_7)
FN:128,(anonymous_8)
FN:136,(anonymous_9)
FNF:10
FNH:5
FNDA:7,(anonymous_0)
FNDA:0,(anonymous_1)
FNDA:0,(anonymous_2)
FNDA:1,(anonymous_3)
FNDA:0,(anonymous_4)
FNDA:0,(anonymous_5)
FNDA:1,(anonymous_6)
FNDA:1,(anonymous_7)
FNDA:1,(anonymous_8)
FNDA:0,(anonymous_9)
DA:13,2
DA:14,7
DA:15,7
DA:16,7
DA:17,7
DA:18,7
DA:19,7
DA:21,7
DA:22,0
DA:23,0
DA:24,0
DA:25,0
DA:26,0
DA:27,0
DA:28,0
DA:29,0
DA:30,0
DA:31,0
DA:33,0
DA:35,0
DA:40,7
DA:41,0
DA:42,0
DA:43,0
DA:44,0
DA:45,0
DA:46,0
DA:47,0
DA:48,0
DA:49,0
DA:50,0
DA:52,0
DA:54,0
DA:59,7
DA:60,1
DA:61,1
DA:62,1
DA:63,1
DA:65,0
DA:66,0
DA:68,0
DA:69,0
DA:71,0
DA:72,0
DA:73,0
DA:77,0
DA:78,0
DA:82,7
DA:104,1
DA:116,1
DA:128,1
DA:136,0
LF:52
LH:18
BRDA:22,0,0,0
BRDA:22,0,1,0
BRDA:41,1,0,0
BRDA:41,1,1,0
BRDA:61,2,0,1
BRDA:61,2,1,0
BRDA:68,3,0,0
BRDA:68,3,1,0
BRDA:68,4,0,0
BRDA:68,4,1,0
BRDA:92,5,0,7
BRDA:92,5,1,1
BRF:12
BRH:3
end_of_record
TN:
SF:src\components\logic\GooglePlacesSearch.js
FN:7,(anonymous_0)
FN:12,(anonymous_1)
FN:13,(anonymous_2)
FN:54,(anonymous_3)
FNF:4
FNH:0
FNDA:0,(anonymous_0)
FNDA:0,(anonymous_1)
FNDA:0,(anonymous_2)
FNDA:0,(anonymous_3)
DA:4,0
DA:5,0
DA:7,0
DA:8,0
DA:9,0
DA:10,0
DA:12,0
DA:13,0
DA:14,0
DA:15,0
DA:27,0
DA:28,0
DA:30,0
DA:31,0
DA:33,0
DA:35,0
DA:39,0
DA:42,0
DA:43,0
DA:46,0
DA:47,0
DA:50,0
DA:55,0
LF:23
LH:0
BRDA:27,0,0,0
BRDA:27,0,1,0
BRDA:31,1,0,0
BRDA:31,1,1,0
BRDA:42,2,0,0
BRDA:42,2,1,0
BRDA:46,3,0,0
BRDA:46,3,1,0
BRDA:59,4,0,0
BRDA:59,4,1,0
BRDA:59,4,2,0
BRF:11
BRH:0
end_of_record
TN:
SF:src\components\tests\mocks\firebase.js
FNF:0
FNH:0
DA:2,2
DA:3,2
DA:4,2
DA:5,2
DA:6,2
DA:7,2
DA:8,2
DA:11,2
DA:17,2
DA:18,2
DA:19,2
DA:20,2
DA:22,2
DA:31,2
DA:46,2
DA:47,2
DA:48,2
DA:49,2
DA:50,2
DA:51,2
DA:52,2
LF:21
LH:21
BRF:0
BRH:0
end_of_record
TN:
SF:src\components\tests\mocks\googlePlaces.js
FNF:0
FNH:0
DA:3,0
DA:58,0
LF:2
LH:0
BRF:0
BRH:0
end_of_record
TN:
SF:src\components\tests\mocks\locationData.js
FNF:0
FNH:0
DA:3,1
DA:59,1
LF:2
LH:2
BRF:0
BRH:0
end_of_record
TN:
SF:src\components\tests\mocks\mockData.js
FNF:0
FNH:0
DA:2,1
LF:1
LH:1
BRF:0
BRH:0
end_of_record
TN:
SF:src\contexts\authContext\index.jsx
FN:9,useAuth
FN:13,AuthProvider
FN:18,(anonymous_2)
FN:23,initializeUser
FNF:4
FNH:0
FNDA:0,useAuth
FNDA:0,AuthProvider
FNDA:0,(anonymous_2)
FNDA:0,initializeUser
DA:6,0
DA:10,0
DA:14,0
DA:15,0
DA:16,0
DA:18,0
DA:19,0
DA:20,0
DA:24,0
DA:26,0
DA:32,0
DA:36,0
DA:37,0
DA:39,0
DA:40,0
DA:42,0
DA:45,0
DA:51,0
LF:18
LH:0
BRDA:24,0,0,0
BRDA:24,0,1,0
BRDA:53,1,0,0
BRDA:53,1,1,0
BRF:4
BRH:0
end_of_record
TN:
SF:src\firebase\auth.js
FN:14,(anonymous_0)
FN:18,(anonymous_1)
FN:22,(anonymous_2)
FN:26,(anonymous_3)
FN:33,(anonymous_4)
FN:37,(anonymous_5)
FN:41,(anonymous_6)
FN:45,(anonymous_7)
FNF:8
FNH:0
FNDA:0,(anonymous_0)
FNDA:0,(anonymous_1)
FNDA:0,(anonymous_2)
FNDA:0,(anonymous_3)
FNDA:0,(anonymous_4)
FNDA:0,(anonymous_5)
FNDA:0,(anonymous_6)
FNDA:0,(anonymous_7)
DA:14,4
DA:15,0
DA:18,4
DA:19,0
DA:22,4
DA:23,0
DA:26,4
DA:27,0
DA:28,0
DA:30,0
DA:33,4
DA:34,0
DA:37,4
DA:38,0
DA:41,4
DA:42,0
DA:45,4
DA:46,0
LF:18
LH:8
BRF:0
BRH:0
end_of_record
TN:
SF:src\firebase\firebase.js
FN:26,(anonymous_0)
FN:31,(anonymous_1)
FNF:2
FNH:0
FNDA:0,(anonymous_0)
FNDA:0,(anonymous_1)
DA:8,0
DA:19,0
DA:21,0
DA:24,0
DA:25,0
DA:27,0
DA:28,0
DA:32,0
DA:36,0
LF:9
LH:0
BRDA:24,0,0,0
BRDA:24,0,1,0
BRDA:24,1,0,0
BRDA:24,1,1,0
BRDA:27,2,0,0
BRDA:27,2,1,0
BRF:6
BRH:0
end_of_record
